2024-01-05 23:21:37,734 [INFO] Activator:176 - 


2024-01-05 23:21:37,734 [INFO] Activator:177 - !SESSION log4j initialized
2024-01-05 23:21:39,601 [INFO] LogOutputStream:77 - [STDOUT_REDIRECT] 
2024-01-05 23:21:41,215 [INFO] ApplicationProperties:184 - Using Application install path: E:\PIF\STM32CubeIDE_1.13.2\STM32CubeIDE\plugins\com.st.stm32cube.common.mx_6.9.2.202309101412
2024-01-05 23:21:41,229 [INFO] DbMcusXml:78 - Set database path to: E:\PIF\STM32CubeIDE_1.13.2\STM32CubeIDE\plugins\com.st.stm32cube.common.mx_6.9.2.202309101412\\db\/mcu/
2024-01-05 23:21:41,229 [INFO] ApiDb:274 - Set plugin database path to: E:\PIF\STM32CubeIDE_1.13.2\STM32CubeIDE\plugins\com.st.stm32cube.common.mx_6.9.2.202309101412\\db\/plugins/boardmanager/
2024-01-05 23:21:41,231 [WARN] ApiDb:259 - Overriding images path with different value:  => E:\PIF\STM32CubeIDE_1.13.2\STM32CubeIDE\plugins\com.st.stm32cube.common.mx_6.9.2.202309101412\\db\/plugins/mcufinder/images/
2024-01-05 23:21:41,239 [INFO] ApiDb:250 - Set database path to: C:\Users\VINH\.stmcufinder\plugins\mcufinder//mcu/
2024-01-05 23:21:41,239 [INFO] DbMcusAds:125 - Set database path to: C:\Users\VINH\.stmcufinder\plugins\mcufinder//mcu/
2024-01-05 23:21:41,926 [INFO] CrossReferenceDbSqlite:203 - Set database path to: C:\Users\VINH\.stmcufinder\plugins\mcufinder//mcu/cs/
2024-01-05 23:21:42,008 [INFO] RulesReader:64 - Compatibility file has been processed (293 Rules)
2024-01-05 23:21:42,061 [INFO] DbMcusXml:78 - Set database path to: E:\PIF\STM32CubeIDE_1.13.2\STM32CubeIDE\plugins\com.st.stm32cube.common.mx_6.9.2.202309101412\\db\/mcu/
2024-01-05 23:21:42,061 [INFO] ApiDb:274 - Set plugin database path to: E:\PIF\STM32CubeIDE_1.13.2\STM32CubeIDE\plugins\com.st.stm32cube.common.mx_6.9.2.202309101412\\db\/plugins/boardmanager/
2024-01-05 23:21:42,062 [INFO] ApiDb:261 - Set plugin images path to: E:\PIF\STM32CubeIDE_1.13.2\STM32CubeIDE\plugins\com.st.stm32cube.common.mx_6.9.2.202309101412\\db\/plugins/mcufinder/images/
2024-01-05 23:21:42,062 [WARN] DbFile:41 - Overriding database path with different value: C:\Users\VINH\.stmcufinder\plugins\mcufinder/ => C:\Users\VINH\.stmcufinder\plugins\mcufinder
2024-01-05 23:21:42,062 [INFO] ApiDb:250 - Set database path to: C:\Users\VINH\.stmcufinder\plugins\mcufinder//mcu/
2024-01-05 23:21:42,062 [WARN] DbFile:41 - Overriding database path with different value: C:\Users\VINH\.stmcufinder\plugins\mcufinder/ => C:\Users\VINH\.stmcufinder\plugins\mcufinder
2024-01-05 23:21:42,062 [INFO] DbMcusAds:125 - Set database path to: C:\Users\VINH\.stmcufinder\plugins\mcufinder//mcu/
2024-01-05 23:21:42,062 [WARN] DbFile:41 - Overriding database path with different value: C:\Users\VINH\.stmcufinder\plugins\mcufinder/ => C:\Users\VINH\.stmcufinder\plugins\mcufinder
2024-01-05 23:21:42,062 [WARN] DbFile:41 - Overriding database path with different value: C:\Users\VINH\.stmcufinder\plugins\mcufinder/ => C:\Users\VINH\.stmcufinder\plugins\mcufinder
2024-01-05 23:21:42,923 [INFO] CrossReferenceDbSqlite:203 - Set database path to: C:\Users\VINH\.stmcufinder\plugins\mcufinder//mcu/cs/
2024-01-05 23:21:42,970 [INFO] MainPanel:262 - HeapMemory: 268435456
2024-01-05 23:21:43,028 [INFO] DbMcusXml:78 - Set database path to: E:\PIF\STM32CubeIDE_1.13.2\STM32CubeIDE\plugins\com.st.stm32cube.common.mx_6.9.2.202309101412\\db\/mcu/
2024-01-05 23:21:43,028 [INFO] ApiDb:274 - Set plugin database path to: E:\PIF\STM32CubeIDE_1.13.2\STM32CubeIDE\plugins\com.st.stm32cube.common.mx_6.9.2.202309101412\\db\/plugins/boardmanager/
2024-01-05 23:21:43,028 [INFO] ApiDb:261 - Set plugin images path to: E:\PIF\STM32CubeIDE_1.13.2\STM32CubeIDE\plugins\com.st.stm32cube.common.mx_6.9.2.202309101412\\db\/plugins/mcufinder/images/
2024-01-05 23:21:43,029 [WARN] DbFile:41 - Overriding database path with different value: C:\Users\VINH\.stmcufinder\plugins\mcufinder/ => C:\Users\VINH\.stmcufinder\plugins\mcufinder
2024-01-05 23:21:43,029 [INFO] ApiDb:250 - Set database path to: C:\Users\VINH\.stmcufinder\plugins\mcufinder//mcu/
2024-01-05 23:21:43,029 [WARN] DbFile:41 - Overriding database path with different value: C:\Users\VINH\.stmcufinder\plugins\mcufinder/ => C:\Users\VINH\.stmcufinder\plugins\mcufinder
2024-01-05 23:21:43,029 [INFO] DbMcusAds:125 - Set database path to: C:\Users\VINH\.stmcufinder\plugins\mcufinder//mcu/
2024-01-05 23:21:43,029 [WARN] DbFile:41 - Overriding database path with different value: C:\Users\VINH\.stmcufinder\plugins\mcufinder/ => C:\Users\VINH\.stmcufinder\plugins\mcufinder
2024-01-05 23:21:43,029 [WARN] DbFile:41 - Overriding database path with different value: C:\Users\VINH\.stmcufinder\plugins\mcufinder/ => C:\Users\VINH\.stmcufinder\plugins\mcufinder
2024-01-05 23:21:43,926 [INFO] CrossReferenceDbSqlite:203 - Set database path to: C:\Users\VINH\.stmcufinder\plugins\mcufinder//mcu/cs/
2024-01-05 23:21:43,944 [INFO] ApplicationProperties:184 - Using Application install path: E:\PIF\STM32CubeIDE_1.13.2\STM32CubeIDE\plugins\com.st.stm32cube.common.mx_6.9.2.202309101412
2024-01-05 23:21:43,945 [INFO] PluginManage:196 - Search for loadable plugins [exclusion list=, ]
2024-01-05 23:21:43,945 [INFO] PluginManage:310 - Check plugin analytics
2024-01-05 23:21:44,970 [INFO] AnalyticsPlugin:253 - Accepted Software Licenses: 
2024-01-05 23:21:44,970 [INFO] AnalyticsPlugin:255 - Accepted CMSIS Pack Licenses: 
2024-01-05 23:21:44,970 [INFO] AnalyticsPlugin:257 - Accepted Firmware Licenses: 
2024-01-05 23:21:44,972 [INFO] PluginManage:359 - Loaded plugin analytics (category:tool,tabindex:-1)
2024-01-05 23:21:44,973 [INFO] PluginManage:310 - Check plugin cadmodel
2024-01-05 23:21:44,977 [INFO] CADModel:105 - Init CAD model plugin
2024-01-05 23:21:44,977 [INFO] PluginManage:359 - Loaded plugin cadmodel (category:power,tabindex:5)
2024-01-05 23:21:44,977 [INFO] PluginManage:310 - Check plugin clock
2024-01-05 23:21:44,983 [INFO] PluginManage:359 - Loaded plugin clock (category:base,tabindex:2)
2024-01-05 23:21:44,983 [INFO] PluginManage:310 - Check plugin ddr
2024-01-05 23:21:44,986 [INFO] PluginManage:359 - Loaded plugin ddr (category:tool,tabindex:6)
2024-01-05 23:21:44,986 [INFO] PluginManage:310 - Check plugin filemanager
2024-01-05 23:21:45,067 [INFO] PluginManage:359 - Loaded plugin filemanager (category:base,tabindex:10)
2024-01-05 23:21:45,067 [INFO] PluginManage:310 - Check plugin ipmanager
2024-01-05 23:21:45,072 [INFO] PluginManage:359 - Loaded plugin ipmanager (category:base,tabindex:5)
2024-01-05 23:21:45,072 [INFO] PluginManage:310 - Check plugin lpbam
2024-01-05 23:21:45,079 [INFO] PluginManage:359 - Loaded plugin lpbam (category:base,tabindex:0)
2024-01-05 23:21:45,079 [INFO] PluginManage:310 - Check plugin memorymap
2024-01-05 23:21:45,084 [INFO] PluginManage:359 - Loaded plugin memorymap (category:base,tabindex:4)
2024-01-05 23:21:45,084 [INFO] PluginManage:310 - Check plugin pinoutandconfiguration
2024-01-05 23:21:45,088 [INFO] PluginManage:359 - Loaded plugin pinoutandconfiguration (category:base,tabindex:1)
2024-01-05 23:21:45,088 [INFO] PluginManage:310 - Check plugin pinoutconfig
2024-01-05 23:21:45,176 [WARN] SupportedApi:132 - Cannot load RTOS API schema: s4s-elt-must-match.1: The content of 'definitions' must match (annotation?, (simpleType | complexType)?, (unique | key | keyref)*)). A problem was found starting at: attribute.
2024-01-05 23:21:45,259 [INFO] PluginManage:359 - Loaded plugin pinoutconfig (category:base,tabindex:0)
2024-01-05 23:21:45,259 [INFO] PluginManage:310 - Check plugin power
2024-01-05 23:21:45,265 [INFO] PluginManage:359 - Loaded plugin power (category:power,tabindex:4)
2024-01-05 23:21:45,266 [INFO] PluginManage:310 - Check plugin projectmanager
2024-01-05 23:21:45,277 [INFO] PluginManage:359 - Loaded plugin projectmanager (category:projectmanager,tabindex:3)
2024-01-05 23:21:45,277 [INFO] PluginManage:310 - Check plugin thirdparty
2024-01-05 23:21:45,353 [INFO] PluginManage:359 - Loaded plugin thirdparty (category:base,tabindex:-1)
2024-01-05 23:21:45,353 [INFO] PluginManage:310 - Check plugin tools
2024-01-05 23:21:45,353 [WARN] IntegrityCheckThread:84 - waiting for thirdparty lock release [integrity check]
2024-01-05 23:21:45,353 [INFO] IntegrityCheckThread:86 - entering critical section [integrity check]
2024-01-05 23:21:45,354 [INFO] ThirdPartyUpdaterWithRetryManager:70 - Updater plugin not ready yet. [1/15]
2024-01-05 23:21:45,355 [INFO] PluginManage:359 - Loaded plugin tools (category:base,tabindex:7)
2024-01-05 23:21:45,355 [INFO] PluginManage:310 - Check plugin tutovideos
2024-01-05 23:21:45,448 [INFO] PluginManage:359 - Loaded plugin tutovideos (category:base,tabindex:-1)
2024-01-05 23:21:45,448 [INFO] PluginManage:310 - Check plugin updater
2024-01-05 23:21:45,461 [INFO] PluginManage:359 - Loaded plugin updater (category:base,tabindex:12)
2024-01-05 23:21:45,461 [INFO] PluginManage:310 - Check plugin userauth
2024-01-05 23:21:45,465 [INFO] UserAuth:113 - Init User Auth plugin
2024-01-05 23:21:45,465 [INFO] PluginManage:359 - Loaded plugin userauth (category:base,tabindex:14)
2024-01-05 23:21:45,465 [INFO] PluginManage:283 - PluginManage : Loaded plugins [17]
2024-01-05 23:21:45,621 [INFO] PinOutPanel:1499 - setPackage(No Configuration,No Configuration)
2024-01-05 23:21:45,704 [INFO] CADModel:165 - CPN selected for project level
2024-01-05 23:21:45,704 [INFO] CADModel:114 - Register for checkConnection events
2024-01-05 23:21:45,715 [INFO] IPUIPlugin:80 - create IPUIPlugin
2024-01-05 23:21:45,715 [INFO] PluginManager:220 - loadIPPluginJar : add adc
2024-01-05 23:21:45,716 [INFO] IPUIPlugin:80 - create IPUIPlugin
2024-01-05 23:21:45,716 [INFO] PluginManager:220 - loadIPPluginJar : add aes
2024-01-05 23:21:45,717 [INFO] IPUIPlugin:80 - create IPUIPlugin
2024-01-05 23:21:45,717 [INFO] PluginManager:220 - loadIPPluginJar : add can
2024-01-05 23:21:45,718 [INFO] IPUIPlugin:80 - create IPUIPlugin
2024-01-05 23:21:45,718 [INFO] PluginManager:220 - loadIPPluginJar : add comp
2024-01-05 23:21:45,719 [INFO] IPUIPlugin:80 - create IPUIPlugin
2024-01-05 23:21:45,719 [INFO] PluginManager:220 - loadIPPluginJar : add cryp
2024-01-05 23:21:45,720 [INFO] IPUIPlugin:80 - create IPUIPlugin
2024-01-05 23:21:45,720 [INFO] PluginManager:220 - loadIPPluginJar : add dfsdm
2024-01-05 23:21:45,723 [INFO] IPUIPlugin:80 - create IPUIPlugin
2024-01-05 23:21:45,724 [INFO] PluginManager:220 - loadIPPluginJar : add dma
2024-01-05 23:21:45,726 [INFO] IPUIPlugin:80 - create IPUIPlugin
2024-01-05 23:21:45,726 [INFO] PluginManager:220 - loadIPPluginJar : add dma3
2024-01-05 23:21:45,726 [INFO] IPUIPlugin:80 - create IPUIPlugin
2024-01-05 23:21:45,726 [INFO] PluginManager:220 - loadIPPluginJar : add fatfs
2024-01-05 23:21:45,728 [INFO] IPUIPlugin:80 - create IPUIPlugin
2024-01-05 23:21:45,728 [INFO] PluginManager:220 - loadIPPluginJar : add fmc
2024-01-05 23:21:45,732 [INFO] IPUIPlugin:80 - create IPUIPlugin
2024-01-05 23:21:45,732 [INFO] PluginManager:220 - loadIPPluginJar : add freertos
2024-01-05 23:21:45,733 [INFO] IPUIPlugin:80 - create IPUIPlugin
2024-01-05 23:21:45,733 [INFO] PluginManager:220 - loadIPPluginJar : add genericplugin
2024-01-05 23:21:45,736 [INFO] IPUIPlugin:80 - create IPUIPlugin
2024-01-05 23:21:45,736 [INFO] PluginManager:220 - loadIPPluginJar : add gfxmmu
2024-01-05 23:21:45,738 [INFO] IPUIPlugin:80 - create IPUIPlugin
2024-01-05 23:21:45,738 [INFO] PluginManager:220 - loadIPPluginJar : add gic
2024-01-05 23:21:45,741 [INFO] IPUIPlugin:80 - create IPUIPlugin
2024-01-05 23:21:45,741 [INFO] PluginManager:220 - loadIPPluginJar : add gpio
2024-01-05 23:21:45,742 [INFO] IPUIPlugin:80 - create IPUIPlugin
2024-01-05 23:21:45,742 [INFO] PluginManager:220 - loadIPPluginJar : add gtzc
2024-01-05 23:21:45,744 [INFO] IPUIPlugin:80 - create IPUIPlugin
2024-01-05 23:21:45,744 [INFO] PluginManager:220 - loadIPPluginJar : add hash
2024-01-05 23:21:45,745 [INFO] IPUIPlugin:80 - create IPUIPlugin
2024-01-05 23:21:45,745 [INFO] PluginManager:220 - loadIPPluginJar : add i2c
2024-01-05 23:21:45,746 [INFO] IPUIPlugin:80 - create IPUIPlugin
2024-01-05 23:21:45,746 [INFO] PluginManager:220 - loadIPPluginJar : add i2s
2024-01-05 23:21:45,748 [INFO] IPUIPlugin:80 - create IPUIPlugin
2024-01-05 23:21:45,748 [INFO] PluginManager:220 - loadIPPluginJar : add i3c
2024-01-05 23:21:45,749 [INFO] IPUIPlugin:80 - create IPUIPlugin
2024-01-05 23:21:45,749 [INFO] PluginManager:220 - loadIPPluginJar : add ipddr
2024-01-05 23:21:45,754 [INFO] IPUIPlugin:80 - create IPUIPlugin
2024-01-05 23:21:45,754 [INFO] PluginManager:220 - loadIPPluginJar : add linkedlist
2024-01-05 23:21:45,755 [INFO] IPUIPlugin:80 - create IPUIPlugin
2024-01-05 23:21:45,756 [INFO] PluginManager:220 - loadIPPluginJar : add lorawan
2024-01-05 23:21:45,757 [INFO] IPUIPlugin:80 - create IPUIPlugin
2024-01-05 23:21:45,757 [INFO] PluginManager:220 - loadIPPluginJar : add ltdc
2024-01-05 23:21:45,760 [INFO] IPUIPlugin:80 - create IPUIPlugin
2024-01-05 23:21:45,760 [INFO] PluginManager:220 - loadIPPluginJar : add mdma
2024-01-05 23:21:45,763 [INFO] IPUIPlugin:80 - create IPUIPlugin
2024-01-05 23:21:45,763 [INFO] PluginManager:220 - loadIPPluginJar : add nvic
2024-01-05 23:21:45,765 [INFO] IPUIPlugin:80 - create IPUIPlugin
2024-01-05 23:21:45,765 [INFO] PluginManager:220 - loadIPPluginJar : add opamp
2024-01-05 23:21:45,766 [INFO] IPUIPlugin:80 - create IPUIPlugin
2024-01-05 23:21:45,766 [INFO] PluginManager:220 - loadIPPluginJar : add openamp
2024-01-05 23:21:45,767 [INFO] IPUIPlugin:80 - create IPUIPlugin
2024-01-05 23:21:45,767 [INFO] PluginManager:220 - loadIPPluginJar : add pdm2pcm
2024-01-05 23:21:45,771 [INFO] IPUIPlugin:80 - create IPUIPlugin
2024-01-05 23:21:45,773 [INFO] PluginManager:220 - loadIPPluginJar : add plateformsettings
2024-01-05 23:21:45,773 [INFO] IPUIPlugin:80 - create IPUIPlugin
2024-01-05 23:21:45,773 [INFO] PluginManager:220 - loadIPPluginJar : add quadspi
2024-01-05 23:21:45,775 [INFO] IPUIPlugin:80 - create IPUIPlugin
2024-01-05 23:21:45,775 [INFO] PluginManager:220 - loadIPPluginJar : add resmgrutility
2024-01-05 23:21:45,777 [INFO] IPUIPlugin:80 - create IPUIPlugin
2024-01-05 23:21:45,777 [INFO] PluginManager:220 - loadIPPluginJar : add sai
2024-01-05 23:21:45,778 [INFO] IPUIPlugin:80 - create IPUIPlugin
2024-01-05 23:21:45,778 [INFO] PluginManager:220 - loadIPPluginJar : add spi
2024-01-05 23:21:45,780 [INFO] IPUIPlugin:80 - create IPUIPlugin
2024-01-05 23:21:45,780 [INFO] PluginManager:220 - loadIPPluginJar : add stm32_wpan
2024-01-05 23:21:45,780 [INFO] IPUIPlugin:80 - create IPUIPlugin
2024-01-05 23:21:45,780 [INFO] PluginManager:220 - loadIPPluginJar : add tim
2024-01-05 23:21:45,782 [INFO] IPUIPlugin:80 - create IPUIPlugin
2024-01-05 23:21:45,782 [INFO] PluginManager:220 - loadIPPluginJar : add touchsensing
2024-01-05 23:21:45,783 [INFO] IPUIPlugin:80 - create IPUIPlugin
2024-01-05 23:21:45,783 [INFO] PluginManager:220 - loadIPPluginJar : add tracer_emb
2024-01-05 23:21:45,784 [INFO] IPUIPlugin:80 - create IPUIPlugin
2024-01-05 23:21:45,784 [INFO] PluginManager:220 - loadIPPluginJar : add ts
2024-01-05 23:21:45,785 [INFO] IPUIPlugin:80 - create IPUIPlugin
2024-01-05 23:21:45,785 [INFO] PluginManager:220 - loadIPPluginJar : add tsc
2024-01-05 23:21:45,786 [INFO] IPUIPlugin:80 - create IPUIPlugin
2024-01-05 23:21:45,786 [INFO] PluginManager:220 - loadIPPluginJar : add ucpd
2024-01-05 23:21:45,788 [INFO] IPUIPlugin:80 - create IPUIPlugin
2024-01-05 23:21:45,788 [INFO] PluginManager:220 - loadIPPluginJar : add usart
2024-01-05 23:21:45,790 [INFO] IPUIPlugin:80 - create IPUIPlugin
2024-01-05 23:21:45,790 [INFO] PluginManager:220 - loadIPPluginJar : add usbx
2024-01-05 23:21:45,896 [INFO] CADModel:165 - CPN selected for project level
2024-01-05 23:21:45,896 [INFO] CADModel:114 - Register for checkConnection events
2024-01-05 23:21:45,897 [FATAL] Updater:308 - Updater called before beeing initialized
2024-01-05 23:21:45,897 [ERROR] CADModel:125 - Updater not yet initialized, retry later 
2024-01-05 23:21:45,985 [INFO] CADModel:165 - CPN selected for project level
2024-01-05 23:21:45,985 [INFO] CADModel:114 - Register for checkConnection events
2024-01-05 23:21:45,985 [FATAL] Updater:308 - Updater called before beeing initialized
2024-01-05 23:21:45,985 [ERROR] CADModel:125 - Updater not yet initialized, retry later 
2024-01-05 23:21:45,987 [FATAL] Updater:308 - Updater called before beeing initialized
2024-01-05 23:21:46,050 [FATAL] Updater:308 - Updater called before beeing initialized
2024-01-05 23:21:46,053 [INFO] DbMcusAds:53 - JSON generation date=Wed Nov 29 17:52:27 ICT 2023 (1701255147349)
2024-01-05 23:21:46,053 [FATAL] Updater:308 - Updater called before beeing initialized
2024-01-05 23:21:46,074 [WARN] DetailPanel:346 - Failed to get advertising image, set to default
2024-01-05 23:21:46,137 [FATAL] Updater:308 - Updater called before beeing initialized
2024-01-05 23:21:46,139 [FATAL] Updater:308 - Updater called before beeing initialized
2024-01-05 23:21:46,139 [FATAL] Updater:308 - Updater called before beeing initialized
2024-01-05 23:21:46,139 [WARN] DetailPanel:346 - Failed to get advertising image, set to default
2024-01-05 23:21:46,140 [FATAL] Updater:308 - Updater called before beeing initialized
2024-01-05 23:21:46,167 [ERROR] Updater:1120 - MainUpdater not yet initialized. External WinMGr cannot be set.
2024-01-05 23:21:46,168 [INFO] Updater:1056 - Updater Version found : 6.9.2
2024-01-05 23:21:46,180 [INFO] ApplicationProperties:184 - Using Application install path: E:\PIF\STM32CubeIDE_1.13.2\STM32CubeIDE\plugins\com.st.stm32cube.common.mx_6.9.2.202309101412
2024-01-05 23:21:46,384 [INFO] MainUpdater:2868 - connection check result : 10
2024-01-05 23:21:46,385 [INFO] MainUpdater:285 - Updater Check For Update Now.
2024-01-05 23:21:46,385 [INFO] MicroXplorer:498 - Change Database Version : DB.6.0.92
2024-01-05 23:21:46,388 [INFO] McuFinderGlobals:63 - Set McuFinder mode to 2 (CubeIDE integrated)
2024-01-05 23:21:46,544 [INFO] CheckServerUpdateThread:120 - End of CheckServer Thread
2024-01-05 23:21:46,592 [INFO] MainUpdater:2868 - connection check result : 10
2024-01-05 23:21:46,598 [INFO] McuFinderGlobals:76 - Set McuFinderConnectedMode to true
2024-01-05 23:21:46,870 [INFO] ServerAccessManage:473 - Download File mcusAds.json._tmp_
2024-01-05 23:21:46,982 [INFO] LoadUrlFilesThread:156 - End of LoadUrlFiles Thread
2024-01-05 23:21:47,251 [INFO] ServerAccessManage:473 - Download File cube-finder-db.zip
2024-01-05 23:21:48,355 [WARN] MainUpdater:1189 - Updater busy. Cannot search thirdparties
2024-01-05 23:21:48,355 [INFO] ThirdPartyUpdaterWithRetryManager:96 - Updater plugin is busy. [1/15]
2024-01-05 23:21:48,922 [INFO] FileExtend:240 - Unzip File : cube-finder-db.zip
2024-01-05 23:21:48,922 [INFO] FileExtend:255 - Standard Zip Deflate
2024-01-05 23:21:49,507 [INFO] LoadUrlFilesThread:156 - End of LoadUrlFiles Thread
2024-01-05 23:21:51,460 [WARN] PackLoader:240 - Cannot read IP mode file for STMicroelectronics.X-CUBE-SMBUS.2.1.0
2024-01-05 23:21:51,465 [WARN] PackLoader:240 - Cannot read IP mode file for STMicroelectronics.X-CUBE-TOUCHGFX.4.23.0
2024-01-05 23:21:51,488 [WARN] PackLoader:240 - Cannot read IP mode file for STMicroelectronics.X-CUBE-AZRTOS-F7.1.1.0
2024-01-05 23:21:51,508 [WARN] PackLoader:240 - Cannot read IP mode file for STMicroelectronics.FP-SNS-MOTENV1.4.3.2
2024-01-05 23:21:51,516 [WARN] PackLoader:240 - Cannot read IP mode file for STMicroelectronics.FP-SNS-FLIGHT1.5.0.2
2024-01-05 23:21:51,527 [WARN] PackLoader:240 - Cannot read IP mode file for STMicroelectronics.X-CUBE-DISPLAY.3.0.0
2024-01-05 23:21:51,538 [WARN] PackLoader:240 - Cannot read IP mode file for STMicroelectronics.X-CUBE-BLE1.7.0.0
2024-01-05 23:21:51,542 [WARN] PackLoader:240 - Cannot read IP mode file for emotas.I-CUBE-CANOPEN.1.3.0
2024-01-05 23:21:51,545 [WARN] PackLoader:240 - Cannot read IP mode file for STMicroelectronics.X-CUBE-TOUCHGFX.4.22.1
2024-01-05 23:21:51,551 [WARN] PackLoader:240 - Cannot read IP mode file for STMicroelectronics.FP-SNS-SMARTAG2.1.2.0
2024-01-05 23:21:51,563 [INFO] LogOutputStream:77 - [STDOUT_REDIRECT] 1 : Invalid condition id : UX_CORESTACK_Condition cause : null
2024-01-05 23:21:51,564 [INFO] LogOutputStream:77 - [STDOUT_REDIRECT] 1 : Invalid condition id : UX_CORESTACK_Condition cause : null
2024-01-05 23:21:51,565 [INFO] LogOutputStream:77 - [STDOUT_REDIRECT] 1 : Invalid condition id : UX_CORESTACK_Condition cause : null
2024-01-05 23:21:51,566 [INFO] LogOutputStream:77 - [STDOUT_REDIRECT] 1 : Invalid condition id : UX_CORESTACK_Condition cause : null
2024-01-05 23:21:51,566 [INFO] LogOutputStream:77 - [STDOUT_REDIRECT] 1 : Invalid condition id : UX_CORESTACK_Condition cause : null
2024-01-05 23:21:51,572 [WARN] PackLoader:240 - Cannot read IP mode file for STMicroelectronics.X-CUBE-AZRTOS-WL.2.0.0
2024-01-05 23:21:51,583 [WARN] PackLoader:240 - Cannot read IP mode file for WES.I-CUBE-Cesium.1.3.0
2024-01-05 23:21:51,589 [WARN] PackLoader:240 - Cannot read IP mode file for STMicroelectronics.X-CUBE-BLE2.3.3.0
2024-01-05 23:21:51,598 [WARN] PackLoader:240 - Cannot read IP mode file for STMicroelectronics.X-CUBE-ALGOBUILD.1.3.0
2024-01-05 23:21:51,615 [WARN] PackLoader:240 - Cannot read IP mode file for STMicroelectronics.X-CUBE-AZRTOS-G0.1.1.0
2024-01-05 23:21:51,624 [WARN] PackLoader:240 - Cannot read IP mode file for STMicroelectronics.X-CUBE-NFC4.3.0.0
2024-01-05 23:21:51,635 [WARN] PackLoader:240 - Cannot read IP mode file for STMicroelectronics.X-CUBE-BLEMGR.3.0.0
2024-01-05 23:21:51,643 [WARN] PackLoader:240 - Cannot read IP mode file for STMicroelectronics.FP-ATR-SIGFOX1.3.2.0
2024-01-05 23:21:51,677 [WARN] PackLoader:240 - Cannot read IP mode file for SEGGER.I-CUBE-embOS.1.3.1
2024-01-05 23:21:51,720 [WARN] PackLoader:240 - Cannot read IP mode file for STMicroelectronics.X-CUBE-GNSS1.6.0.0
2024-01-05 23:21:51,740 [WARN] PackLoader:240 - Cannot read IP mode file for STMicroelectronics.X-CUBE-AZRTOS-F4.1.1.0
2024-01-05 23:21:51,750 [WARN] PackLoader:240 - Cannot read IP mode file for wolfSSL.I-CUBE-wolfSSL.5.6.3
2024-01-05 23:21:51,779 [WARN] PackLoader:240 - Cannot read IP mode file for STMicroelectronics.X-CUBE-AZRTOS-L5.2.0.0
2024-01-05 23:21:51,836 [WARN] PackLoader:240 - Cannot read IP mode file for STMicroelectronics.X-CUBE-MEMS1.9.6.0
2024-01-05 23:21:52,000 [WARN] PackLoader:240 - Cannot read IP mode file for STMicroelectronics.X-CUBE-EEPRMA1.4.2.0
2024-01-05 23:21:52,012 [WARN] PackLoader:240 - Cannot read IP mode file for ITTIA_DB.I-CUBE-ITTIADB.8.8.0
2024-01-05 23:21:52,026 [WARN] PackLoader:240 - Cannot read IP mode file for STMicroelectronics.X-CUBE-BLEMGR.2.0.0
2024-01-05 23:21:52,053 [WARN] ConditionMgr:438 - getConditionDescription Invalid condition id : UX DEVICE CLASS RTOS Condition cause : null
2024-01-05 23:21:52,054 [WARN] ConditionMgr:438 - getConditionDescription Invalid condition id : UX DEVICE CLASS RTOS Condition cause : null
2024-01-05 23:21:52,058 [WARN] PackLoader:240 - Cannot read IP mode file for STMicroelectronics.X-CUBE-AZRTOS-H7.3.1.0
2024-01-05 23:21:52,060 [WARN] ConditionMgr:1039 - genDependencies : Invalid condition id : UX DEVICE CLASS RTOS Condition cause : null
2024-01-05 23:21:52,061 [WARN] ConditionMgr:1039 - genDependencies : Invalid condition id : UX DEVICE CLASS RTOS Condition cause : null
2024-01-05 23:21:52,062 [WARN] ConditionMgr:1039 - genDependencies : Invalid condition id : UX DEVICE CLASS RTOS Condition cause : null
2024-01-05 23:21:52,062 [WARN] ConditionMgr:1039 - genDependencies : Invalid condition id : UX DEVICE CLASS RTOS Condition cause : null
2024-01-05 23:21:52,062 [WARN] ConditionMgr:1039 - genDependencies : Invalid condition id : UX DEVICE CLASS RTOS Condition cause : null
2024-01-05 23:21:52,075 [WARN] PackLoader:240 - Cannot read IP mode file for STMicroelectronics.X-CUBE-NFC7.1.0.1
2024-01-05 23:21:52,092 [WARN] PackLoader:240 - Cannot read IP mode file for STMicroelectronics.X-CUBE-NFC6.3.0.0
2024-01-05 23:21:52,107 [WARN] PackLoader:240 - Cannot read IP mode file for STMicroelectronics.X-CUBE-EEPRMA1.4.1.0
2024-01-05 23:21:52,118 [WARN] PackLoader:240 - Cannot read IP mode file for STMicroelectronics.X-CUBE-AI.8.1.0
2024-01-05 23:21:52,142 [WARN] ConditionMgr:438 - getConditionDescription Invalid condition id : LAN8742 Phy interface Condition cause : null
2024-01-05 23:21:52,144 [WARN] PackLoader:240 - Cannot read IP mode file for STMicroelectronics.X-CUBE-AZRTOS-L4.2.0.0
2024-01-05 23:21:52,148 [WARN] ConditionMgr:1039 - genDependencies : Invalid condition id : LAN8742 Phy interface Condition cause : null
2024-01-05 23:21:52,149 [WARN] ConditionMgr:1039 - genDependencies : Invalid condition id : LAN8742 Phy interface Condition cause : null
2024-01-05 23:21:52,151 [WARN] ConditionMgr:1039 - genDependencies : Invalid condition id : LAN8742 Phy interface Condition cause : null
2024-01-05 23:21:52,163 [WARN] PackLoader:240 - Cannot read IP mode file for STMicroelectronics.X-CUBE-SFXS2LP1.4.0.0
2024-01-05 23:21:52,175 [WARN] PackLoader:240 - Cannot read IP mode file for STMicroelectronics.X-CUBE-ISPU.1.1.0
2024-01-05 23:21:52,195 [WARN] ConditionMgr:438 - getConditionDescription Invalid condition id : UX DEVICE CLASS RTOS Condition cause : null
2024-01-05 23:21:52,195 [WARN] ConditionMgr:438 - getConditionDescription Invalid condition id : UX DEVICE CLASS RTOS Condition cause : null
2024-01-05 23:21:52,199 [WARN] PackLoader:240 - Cannot read IP mode file for STMicroelectronics.X-CUBE-AZRTOS-WB.2.0.0
2024-01-05 23:21:52,201 [WARN] ConditionMgr:1039 - genDependencies : Invalid condition id : UX DEVICE CLASS RTOS Condition cause : null
2024-01-05 23:21:52,202 [WARN] ConditionMgr:1039 - genDependencies : Invalid condition id : UX DEVICE CLASS RTOS Condition cause : null
2024-01-05 23:21:52,202 [WARN] ConditionMgr:1039 - genDependencies : Invalid condition id : UX DEVICE CLASS RTOS Condition cause : null
2024-01-05 23:21:52,202 [WARN] ConditionMgr:1039 - genDependencies : Invalid condition id : UX DEVICE CLASS RTOS Condition cause : null
2024-01-05 23:21:52,202 [WARN] ConditionMgr:1039 - genDependencies : Invalid condition id : UX DEVICE CLASS RTOS Condition cause : null
2024-01-05 23:21:52,215 [WARN] PackLoader:240 - Cannot read IP mode file for STMicroelectronics.X-CUBE-SUBG2.5.0.0
2024-01-05 23:21:52,233 [WARN] PackLoader:240 - Cannot read IP mode file for STMicroelectronics.X-CUBE-TOF1.3.3.1
2024-01-05 23:21:52,265 [WARN] PackLoader:240 - Cannot read IP mode file for STMicroelectronics.X-CUBE-AZRTOS-G4.2.0.0
2024-01-05 23:21:52,285 [WARN] PackLoader:240 - Cannot read IP mode file for Infineon.AIROC-Wi-Fi-Bluetooth-STM32.1.5.1
2024-01-05 23:21:52,294 [WARN] PackLoader:240 - Cannot read IP mode file for STMicroelectronics.FP-SNS-MOTENVWB1.1.3.0
2024-01-05 23:21:52,299 [WARN] PackLoader:240 - Cannot read IP mode file for STMicroelectronics.FP-SNS-MOTENVWB1.1.3.1
2024-01-05 23:21:52,304 [WARN] PackLoader:240 - Cannot read IP mode file for STMicroelectronics.X-CUBE-ISPU.2.0.0
2024-01-05 23:21:52,344 [WARN] PackLoader:240 - Cannot read IP mode file for STMicroelectronics.X-CUBE-MEMS1.10.0.0
2024-01-05 23:21:52,448 [WARN] PackLoader:240 - Cannot read IP mode file for STMicroelectronics.X-CUBE-FREERTOS.1.1.0
2024-01-05 23:21:52,457 [WARN] PackLoader:240 - Cannot read IP mode file for portGmbH.I-Cube-SoM-uGOAL.1.1.0
2024-01-05 23:21:52,466 [WARN] PackLoader:240 - Cannot read IP mode file for STMicroelectronics.X-CUBE-ALS.1.0.1
2024-01-05 23:21:52,477 [WARN] PackLoader:240 - Cannot read IP mode file for STMicroelectronics.FP-ATR-ASTRA1.2.0.0
2024-01-05 23:21:52,493 [WARN] PackLoader:240 - Cannot read IP mode file for STMicroelectronics.X-CUBE-TOF1.3.4.0
2024-01-05 23:21:52,531 [WARN] PackLoader:240 - Cannot read IP mode file for STMicroelectronics.X-CUBE-AZRTOS-H7.3.2.0
2024-01-05 23:21:52,533 [INFO] ThirdParty:978 - Integrity check success = true
2024-01-05 23:21:52,534 [INFO] IntegrityCheckThread:100 - exiting critical section [integrity check]
2024-01-05 23:21:52,534 [INFO] IntegrityCheckThread:103 - End integrity checks thread
2024-01-05 23:21:52,671 [INFO] ServerAccessManage:473 - Download File crdb.zip
2024-01-05 23:21:54,109 [INFO] FileExtend:240 - Unzip File : crdb.zip
2024-01-05 23:21:54,109 [INFO] FileExtend:255 - Standard Zip Deflate
2024-01-05 23:21:54,261 [INFO] LoadUrlFilesThread:156 - End of LoadUrlFiles Thread
2024-01-05 23:21:54,538 [INFO] ServerAccessManage:473 - Download File tutoVideoDB.zip
2024-01-05 23:21:54,557 [INFO] FileExtend:240 - Unzip File : tutoVideoDB.zip
2024-01-05 23:21:54,557 [INFO] FileExtend:255 - Standard Zip Deflate
2024-01-05 23:21:54,684 [INFO] LoadUrlFilesThread:156 - End of LoadUrlFiles Thread
2024-01-05 23:21:54,691 [WARN] DbFile:41 - Overriding database path with different value: C:\Users\VINH\.stmcufinder\plugins\mcufinder/ => C:\Users\VINH\.stmcufinder\plugins\mcufinder
2024-01-05 23:21:55,812 [INFO] ServerAccessManage:473 - Download File api_config.json
2024-01-05 23:21:55,924 [INFO] LoadUrlFilesThread:156 - End of LoadUrlFiles Thread
2024-01-05 23:21:55,925 [INFO] DbMcusAds:53 - JSON generation date=Wed Nov 29 17:52:27 ICT 2023 (1701255147349)
2024-01-05 23:21:55,941 [INFO] LoadUrlFilesThread:185 - End of LoadServerUrlFiles without Thread
2024-01-05 23:21:55,941 [INFO] TargetSelectorAdapter:259 - Refresh data is successful
2024-01-05 23:21:56,087 [INFO] ApiDb:581 - Connected to CubeFinder SQLite database (C:\Users\VINH\.stmcufinder\plugins\mcufinder\mcu\cube-finder-db.db)
2024-01-05 23:21:56,126 [INFO] ApiDb:668 - CubeFinder database Data Model version=2.1
2024-01-05 23:21:56,126 [INFO] ApiDb:669 - CubeFinder database Configuration version=3.0.39
2024-01-05 23:21:56,127 [INFO] ApiDb:670 - CubeFinder database generation date=2023-12-08 (1702028721)
2024-01-05 23:21:56,127 [INFO] ApiDb:671 - CubeFinder database FW Pack versions=[FP-ATR-ASTRA1_V2.0.0, FP-SNS-FLIGHT1_V5.0.1, FP-SNS-FLIGHT1_V5.0.2, FP-SNS-MOTENV1_V4.3.1, FP-SNS-MOTENV1_V4.3.2, FP-SNS-MOTENVWB1_V1.3.1, FP-SNS-SMARTAG2_V1.2.0, STM32Cube_FW_C0_V1.1.0, STM32Cube_FW_F4_V1.28.0, STM32Cube_FW_F7_V1.17.0, STM32Cube_FW_G0_V1.6.1, STM32Cube_FW_G4_V1.5.1, STM32Cube_FW_H5_V0.5.1, STM32Cube_FW_H5_V1.1.1, STM32Cube_FW_H5_V1.2.0RC2, STM32Cube_FW_H7_V1.11.0, STM32Cube_FW_L0_V1.12.2, STM32Cube_FW_L5_V1.5.0, STM32Cube_FW_U5_V1.3.0RC4, STM32Cube_FW_U5_V1.4.0, STM32Cube_FW_WBA_V1.0.0RC1, STM32Cube_FW_WBA_V1.1.0RC1, STM32Cube_FW_WBA_V1.2.0, STM32Cube_FW_WBA_V1.2.0RC2, STM32Cube_FW_WB_V1.15.0RC1, STM32Cube_FW_WB_V1.16.0, STM32Cube_FW_WB_V1.16.0RC2, STM32Cube_FW_WB_V1.18.0, STM32Cube_FW_WL_V1.3.0, X-CUBE-ALGOBUILD_V1.3.0, X-CUBE-ALS_V1.0.1, X-CUBE-AZRTOS-F4_V1.1.0, X-CUBE-AZRTOS-F7_V1.1.0, X-CUBE-AZRTOS-G0_V1.1.0, X-CUBE-AZRTOS-G4_V2.0.0, X-CUBE-AZRTOS-H7_V3.1.0, X-CUBE-AZRTOS-L4_V1.0.0, X-CUBE-AZRTOS-L4_V2.0.0, X-CUBE-AZRTOS-L5_V1.1.0, X-CUBE-AZRTOS-WB_V2.0.0, X-CUBE-AZRTOS-WL_V2.0.0, X-CUBE-BLE1_V7.0.0, X-CUBE-BLE2_V3.3.0, X-CUBE-BLEMGR_V3.0.0, X-CUBE-EEPRMA1_V4.1.0, X-CUBE-EEPRMA1_V4.2.0, X-CUBE-FREERTOS_V1.1.0, X-CUBE-GNSS1_V6.0.0, X-CUBE-MEMS1_V10.0.0, X-CUBE-MEMS1_V9.1.0, X-CUBE-MEMS1_V9.4.0, X-CUBE-MEMS1_V9.6.0, X-CUBE-NFC4_V3.0.0, X-CUBE-NFC7_V1.0.1, X-CUBE-SFXS2LP1_V4.0.0, X-CUBE-SUBG2_V5.0.0, X-CUBE-TOF1_V3.4.0]
2024-01-05 23:21:57,380 [INFO] ApiDb:240 - Found 323 in-development CPN: [B-G473E-ZEST1S, B-WB1M-WPAN1, B-WL5M-SUBG1, NUCLEO-C031C6, NUCLEO-H503RB, NUCLEO-H563ZI, NUCLEO-U545RE-Q, NUCLEO-U5A5ZJ-Q, NUCLEO-WBA52CG, STEVAL-PROTEUS1, STEVAL-SMARTAG2, STEVAL-STWINBX1, STM320518-EVAL, STM32C0116-DK, STM32C011D6Y3TR, STM32C011D6Y6TR, STM32C011F4P3, STM32C011F4P6, STM32C011F4U3, STM32C011F4U6TR, STM32C011F6P3, STM32C011F6P6, STM32C011F6U3, STM32C011F6U6TR, STM32C011J4M3, STM32C011J4M6, STM32C011J6M3, STM32C011J6M6, STM32C0316-DK, STM32C031C4T3, STM32C031C4T6, STM32C031C4U3, STM32C031C4U6, STM32C031C6T3, STM32C031C6T6, STM32C031C6U3, STM32C031C6U6, STM32C031F4P3, STM32C031F4P6, STM32C031F6P3, STM32C031F6P6, STM32C031G4U3, STM32C031G4U6, STM32C031G6U3, STM32C031G6U6, STM32C031K4T3, STM32C031K4T6, STM32C031K4U3, STM32C031K4U6, STM32C031K6T3, STM32C031K6T6, STM32C031K6U3, STM32C031K6U6, STM32G071K8TXN, STM32G071K8UXN, STM32G081GBU6N, STM32G081KBT6N, STM32G081KBUXN, STM32G0B1CCT6N, STM32G0B1KCT6, STM32G0B1NEY6TR, STM32G0B1RCT6N, STM32G0C1CCT6, STM32G0C1CCT6N, STM32G0C1CCU6N, STM32G0C1CET6N, STM32G0C1CEU6N, STM32G0C1KCT6, STM32G0C1NEY6TR, STM32G0C1RCI6N, STM32G0C1RCT6N, STM32G0C1REI6N, STM32G0C1RET6N, STM32G0C1VCI6, STM32G0C1VEI6, STM32G471CCT6, STM32G471CCU6, STM32G471CET3, STM32G471CET6, STM32G471CEU3, STM32G471CEU6, STM32G471MCT6, STM32G471MET3, STM32G471MET6, STM32G471MEY6TR, STM32G471QCT6, STM32G471QET3, STM32G471RCT6, STM32G471RET3, STM32G471RET6, STM32G471VCH6, STM32G471VCI6, STM32G471VCT6, STM32G471VEH3, STM32G471VEH6, STM32G471VEI3, STM32G471VEI6, STM32G471VET3, STM32G471VET6, STM32G474CCT6, STM32H503CBT6, STM32H503CBU6, STM32H503EBY6TR, STM32H503KBU6, STM32H503RBT6, STM32H562AGI6, STM32H562AII6, STM32H562IGK6, STM32H562IGT6, STM32H562IIK6, STM32H562IIT6, STM32H562RGT6, STM32H562RGV6, STM32H562RIT6, STM32H562RIV6, STM32H562VGT6, STM32H562VIT6, STM32H562ZGT6, STM32H562ZIT6, STM32H563AGI6, STM32H563AII3Q, STM32H563AII6, STM32H563IGK6, STM32H563IGT6, STM32H563IIK3Q, STM32H563IIK6, STM32H563IIT3Q, STM32H563IIT6, STM32H563MIY3QTR, STM32H563RGT6, STM32H563RGV6, STM32H563RIT6, STM32H563RIV6, STM32H563VGT6, STM32H563VIT3Q, STM32H563VIT6, STM32H563ZGT6, STM32H563ZIT3Q, STM32H563ZIT6, STM32H573AII3Q, STM32H573AII6, STM32H573I-DK, STM32H573IIK3Q, STM32H573IIK6, STM32H573IIT3Q, STM32H573IIT6, STM32H573MIY3QTR, STM32H573RIT6, STM32H573RIV6, STM32H573VIT3Q, STM32H573VIT6, STM32H573ZIT3Q, STM32H573ZIT6, STM32L4R5QGI6STR, STM32MP131AAE3, STM32MP131AAF3, STM32MP131AAG3, STM32MP131CAE3, STM32MP131CAF3, STM32MP131CAG3, STM32MP131DAE7, STM32MP131DAF7, STM32MP131DAG7, STM32MP131FAE7, STM32MP131FAF7, STM32MP131FAG7, STM32MP133AAE3, STM32MP133AAF3, STM32MP133AAG3, STM32MP133CAE3, STM32MP133CAF3, STM32MP133CAG3, STM32MP133DAE7, STM32MP133DAF7, STM32MP133DAG7, STM32MP133FAE7, STM32MP133FAF7, STM32MP133FAG7, STM32MP135AAE3, STM32MP135AAF3, STM32MP135AAG3, STM32MP135CAE3, STM32MP135CAF3, STM32MP135CAG3, STM32MP135DAE7, STM32MP135DAF7, STM32MP135DAG7, STM32MP135F-DK, STM32MP135FAE7, STM32MP135FAF7, STM32MP135FAF7T, STM32MP135FAF7U, STM32MP135FAG7, STM32U535CBT6, STM32U535CBT6Q, STM32U535CBU6, STM32U535CBU6Q, STM32U535CCT6, STM32U535CCT6Q, STM32U535CCU6, STM32U535CCU6Q, STM32U535CET6, STM32U535CET6Q, STM32U535CEU6, STM32U535CEU6Q, STM32U535JEY6QTR, STM32U535NCY6QTR, STM32U535NEY6QTR, STM32U535RBI6, STM32U535RBI6Q, STM32U535RBT6, STM32U535RBT6Q, STM32U535RCI6, STM32U535RCI6Q, STM32U535RCT6, STM32U535RCT6Q, STM32U535REI6, STM32U535REI6Q, STM32U535RET6, STM32U535RET6Q, STM32U535VCI6, STM32U535VCI6Q, STM32U535VCT6, STM32U535VCT6Q, STM32U535VEI6, STM32U535VEI6Q, STM32U535VET6, STM32U535VET6Q, STM32U545CET6, STM32U545CET6Q, STM32U545CEU6, STM32U545CEU6Q, STM32U545JEY6QTR, STM32U545NEY6QTR, STM32U545REI6, STM32U545REI6Q, STM32U545RET6, STM32U545RET6Q, STM32U545VEI6, STM32U545VEI6Q, STM32U545VET6, STM32U545VET6Q, STM32U595AIH6, STM32U595AIH6Q, STM32U595AJH6, STM32U595AJH6Q, STM32U595QII6, STM32U595QII6Q, STM32U595QJI6, STM32U595QJI6Q, STM32U595RIT6, STM32U595RIT6Q, STM32U595RJT6, STM32U595RJT6Q, STM32U595VIT6, STM32U595VIT6Q, STM32U595VJT6, STM32U595VJT6Q, STM32U595ZIT6, STM32U595ZIT6Q, STM32U595ZIY6QTR, STM32U595ZJT6, STM32U595ZJT6Q, STM32U595ZJY6QTR, STM32U599BJY6QTR, STM32U599NIH6Q, STM32U599NJH6Q, STM32U599VIT6Q, STM32U599VJT6, STM32U599VJT6Q, STM32U599ZIT6Q, STM32U599ZIY6QTR, STM32U599ZJT6Q, STM32U599ZJY6QTR, STM32U5A5AJH6, STM32U5A5AJH6Q, STM32U5A5QJI6, STM32U5A5QJI6Q, STM32U5A5RJT6, STM32U5A5RJT6Q, STM32U5A5VJT6, STM32U5A5VJT6Q, STM32U5A5ZJT6, STM32U5A5ZJT6Q, STM32U5A5ZJY6QTR, STM32U5A9BJY6QTR, STM32U5A9J-DK, STM32U5A9NJH6Q, STM32U5A9VJT6Q, STM32U5A9ZJT6Q, STM32U5A9ZJY6QTR, STM32U5F7VIT6, STM32U5F7VIT6Q, STM32U5F7VJT6, STM32U5F7VJT6Q, STM32U5F9BJY6QTR, STM32U5F9NJH6Q, STM32U5F9VIT6Q, STM32U5F9VJT6Q, STM32U5F9ZIJ6QTR, STM32U5F9ZIT6Q, STM32U5F9ZJJ6QTR, STM32U5F9ZJT6Q, STM32U5G7VJT6, STM32U5G7VJT6Q, STM32U5G9BJY6QTR, STM32U5G9J-DK1, STM32U5G9J-DK2, STM32U5G9NJH6Q, STM32U5G9VJT6Q, STM32U5G9ZJJ6QTR, STM32U5G9ZJT6Q, STM32WB1MMCH6, STM32WBA52CEU6, STM32WBA52CEU6T, STM32WBA52CGU6, STM32WBA52CGU6T, STM32WBA52KEU6, STM32WBA52KEU6T, STM32WBA52KGU6, STM32WBA52KGU6T, STM32WL5MOCH6, STM32WL5MOCH6TR]
2024-01-05 23:21:57,385 [INFO] DbMcus:217 - Found 3882 MCUs, 3882 are supported
2024-01-05 23:21:57,386 [INFO] ApiDb:423 - Load user favorites file C:\Users\VINH/.stm32cubeide/favorites.mcus.txt: 0 item(s)
2024-01-05 23:21:57,386 [INFO] ApiDb:427 - User favorites MCUs=[]
2024-01-05 23:21:57,386 [INFO] DbMcus:223 - Set 0 / 0 favorites MCUs
2024-01-05 23:21:57,527 [INFO] ApiDb:668 - CubeFinder database Data Model version=2.1
2024-01-05 23:21:57,528 [INFO] ApiDb:669 - CubeFinder database Configuration version=3.0.39
2024-01-05 23:21:57,528 [INFO] ApiDb:670 - CubeFinder database generation date=2023-12-08 (1702028721)
2024-01-05 23:21:57,528 [INFO] ApiDb:671 - CubeFinder database FW Pack versions=[FP-ATR-ASTRA1_V2.0.0, FP-SNS-FLIGHT1_V5.0.1, FP-SNS-FLIGHT1_V5.0.2, FP-SNS-MOTENV1_V4.3.1, FP-SNS-MOTENV1_V4.3.2, FP-SNS-MOTENVWB1_V1.3.1, FP-SNS-SMARTAG2_V1.2.0, STM32Cube_FW_C0_V1.1.0, STM32Cube_FW_F4_V1.28.0, STM32Cube_FW_F7_V1.17.0, STM32Cube_FW_G0_V1.6.1, STM32Cube_FW_G4_V1.5.1, STM32Cube_FW_H5_V0.5.1, STM32Cube_FW_H5_V1.1.1, STM32Cube_FW_H5_V1.2.0RC2, STM32Cube_FW_H7_V1.11.0, STM32Cube_FW_L0_V1.12.2, STM32Cube_FW_L5_V1.5.0, STM32Cube_FW_U5_V1.3.0RC4, STM32Cube_FW_U5_V1.4.0, STM32Cube_FW_WBA_V1.0.0RC1, STM32Cube_FW_WBA_V1.1.0RC1, STM32Cube_FW_WBA_V1.2.0, STM32Cube_FW_WBA_V1.2.0RC2, STM32Cube_FW_WB_V1.15.0RC1, STM32Cube_FW_WB_V1.16.0, STM32Cube_FW_WB_V1.16.0RC2, STM32Cube_FW_WB_V1.18.0, STM32Cube_FW_WL_V1.3.0, X-CUBE-ALGOBUILD_V1.3.0, X-CUBE-ALS_V1.0.1, X-CUBE-AZRTOS-F4_V1.1.0, X-CUBE-AZRTOS-F7_V1.1.0, X-CUBE-AZRTOS-G0_V1.1.0, X-CUBE-AZRTOS-G4_V2.0.0, X-CUBE-AZRTOS-H7_V3.1.0, X-CUBE-AZRTOS-L4_V1.0.0, X-CUBE-AZRTOS-L4_V2.0.0, X-CUBE-AZRTOS-L5_V1.1.0, X-CUBE-AZRTOS-WB_V2.0.0, X-CUBE-AZRTOS-WL_V2.0.0, X-CUBE-BLE1_V7.0.0, X-CUBE-BLE2_V3.3.0, X-CUBE-BLEMGR_V3.0.0, X-CUBE-EEPRMA1_V4.1.0, X-CUBE-EEPRMA1_V4.2.0, X-CUBE-FREERTOS_V1.1.0, X-CUBE-GNSS1_V6.0.0, X-CUBE-MEMS1_V10.0.0, X-CUBE-MEMS1_V9.1.0, X-CUBE-MEMS1_V9.4.0, X-CUBE-MEMS1_V9.6.0, X-CUBE-NFC4_V3.0.0, X-CUBE-NFC7_V1.0.1, X-CUBE-SFXS2LP1_V4.0.0, X-CUBE-SUBG2_V5.0.0, X-CUBE-TOF1_V3.4.0]
2024-01-05 23:21:57,565 [INFO] DbBoardsSqlite:226 - include board P-NUCLEO-WB55-NUCLEO as a kit item of type 'Nucleo-64'
2024-01-05 23:21:57,565 [INFO] DbBoardsSqlite:226 - include board P-NUCLEO-WB55-USBDONGLE as a kit item of type 'Nucleo USB Dongle'
2024-01-05 23:21:57,565 [INFO] DbBoardsSqlite:226 - include board STEVAL-IDP005V1 as a kit item of type 'Evaluation Board'
2024-01-05 23:21:57,565 [INFO] DbBoardsSqlite:226 - include board STEVAL-IDP005V2 as a kit item of type 'Evaluation Board'
2024-01-05 23:21:57,601 [INFO] ApiDb:240 - Found 323 in-development CPN: [B-G473E-ZEST1S, B-WB1M-WPAN1, B-WL5M-SUBG1, NUCLEO-C031C6, NUCLEO-H503RB, NUCLEO-H563ZI, NUCLEO-U545RE-Q, NUCLEO-U5A5ZJ-Q, NUCLEO-WBA52CG, STEVAL-PROTEUS1, STEVAL-SMARTAG2, STEVAL-STWINBX1, STM320518-EVAL, STM32C0116-DK, STM32C011D6Y3TR, STM32C011D6Y6TR, STM32C011F4P3, STM32C011F4P6, STM32C011F4U3, STM32C011F4U6TR, STM32C011F6P3, STM32C011F6P6, STM32C011F6U3, STM32C011F6U6TR, STM32C011J4M3, STM32C011J4M6, STM32C011J6M3, STM32C011J6M6, STM32C0316-DK, STM32C031C4T3, STM32C031C4T6, STM32C031C4U3, STM32C031C4U6, STM32C031C6T3, STM32C031C6T6, STM32C031C6U3, STM32C031C6U6, STM32C031F4P3, STM32C031F4P6, STM32C031F6P3, STM32C031F6P6, STM32C031G4U3, STM32C031G4U6, STM32C031G6U3, STM32C031G6U6, STM32C031K4T3, STM32C031K4T6, STM32C031K4U3, STM32C031K4U6, STM32C031K6T3, STM32C031K6T6, STM32C031K6U3, STM32C031K6U6, STM32G071K8TXN, STM32G071K8UXN, STM32G081GBU6N, STM32G081KBT6N, STM32G081KBUXN, STM32G0B1CCT6N, STM32G0B1KCT6, STM32G0B1NEY6TR, STM32G0B1RCT6N, STM32G0C1CCT6, STM32G0C1CCT6N, STM32G0C1CCU6N, STM32G0C1CET6N, STM32G0C1CEU6N, STM32G0C1KCT6, STM32G0C1NEY6TR, STM32G0C1RCI6N, STM32G0C1RCT6N, STM32G0C1REI6N, STM32G0C1RET6N, STM32G0C1VCI6, STM32G0C1VEI6, STM32G471CCT6, STM32G471CCU6, STM32G471CET3, STM32G471CET6, STM32G471CEU3, STM32G471CEU6, STM32G471MCT6, STM32G471MET3, STM32G471MET6, STM32G471MEY6TR, STM32G471QCT6, STM32G471QET3, STM32G471RCT6, STM32G471RET3, STM32G471RET6, STM32G471VCH6, STM32G471VCI6, STM32G471VCT6, STM32G471VEH3, STM32G471VEH6, STM32G471VEI3, STM32G471VEI6, STM32G471VET3, STM32G471VET6, STM32G474CCT6, STM32H503CBT6, STM32H503CBU6, STM32H503EBY6TR, STM32H503KBU6, STM32H503RBT6, STM32H562AGI6, STM32H562AII6, STM32H562IGK6, STM32H562IGT6, STM32H562IIK6, STM32H562IIT6, STM32H562RGT6, STM32H562RGV6, STM32H562RIT6, STM32H562RIV6, STM32H562VGT6, STM32H562VIT6, STM32H562ZGT6, STM32H562ZIT6, STM32H563AGI6, STM32H563AII3Q, STM32H563AII6, STM32H563IGK6, STM32H563IGT6, STM32H563IIK3Q, STM32H563IIK6, STM32H563IIT3Q, STM32H563IIT6, STM32H563MIY3QTR, STM32H563RGT6, STM32H563RGV6, STM32H563RIT6, STM32H563RIV6, STM32H563VGT6, STM32H563VIT3Q, STM32H563VIT6, STM32H563ZGT6, STM32H563ZIT3Q, STM32H563ZIT6, STM32H573AII3Q, STM32H573AII6, STM32H573I-DK, STM32H573IIK3Q, STM32H573IIK6, STM32H573IIT3Q, STM32H573IIT6, STM32H573MIY3QTR, STM32H573RIT6, STM32H573RIV6, STM32H573VIT3Q, STM32H573VIT6, STM32H573ZIT3Q, STM32H573ZIT6, STM32L4R5QGI6STR, STM32MP131AAE3, STM32MP131AAF3, STM32MP131AAG3, STM32MP131CAE3, STM32MP131CAF3, STM32MP131CAG3, STM32MP131DAE7, STM32MP131DAF7, STM32MP131DAG7, STM32MP131FAE7, STM32MP131FAF7, STM32MP131FAG7, STM32MP133AAE3, STM32MP133AAF3, STM32MP133AAG3, STM32MP133CAE3, STM32MP133CAF3, STM32MP133CAG3, STM32MP133DAE7, STM32MP133DAF7, STM32MP133DAG7, STM32MP133FAE7, STM32MP133FAF7, STM32MP133FAG7, STM32MP135AAE3, STM32MP135AAF3, STM32MP135AAG3, STM32MP135CAE3, STM32MP135CAF3, STM32MP135CAG3, STM32MP135DAE7, STM32MP135DAF7, STM32MP135DAG7, STM32MP135F-DK, STM32MP135FAE7, STM32MP135FAF7, STM32MP135FAF7T, STM32MP135FAF7U, STM32MP135FAG7, STM32U535CBT6, STM32U535CBT6Q, STM32U535CBU6, STM32U535CBU6Q, STM32U535CCT6, STM32U535CCT6Q, STM32U535CCU6, STM32U535CCU6Q, STM32U535CET6, STM32U535CET6Q, STM32U535CEU6, STM32U535CEU6Q, STM32U535JEY6QTR, STM32U535NCY6QTR, STM32U535NEY6QTR, STM32U535RBI6, STM32U535RBI6Q, STM32U535RBT6, STM32U535RBT6Q, STM32U535RCI6, STM32U535RCI6Q, STM32U535RCT6, STM32U535RCT6Q, STM32U535REI6, STM32U535REI6Q, STM32U535RET6, STM32U535RET6Q, STM32U535VCI6, STM32U535VCI6Q, STM32U535VCT6, STM32U535VCT6Q, STM32U535VEI6, STM32U535VEI6Q, STM32U535VET6, STM32U535VET6Q, STM32U545CET6, STM32U545CET6Q, STM32U545CEU6, STM32U545CEU6Q, STM32U545JEY6QTR, STM32U545NEY6QTR, STM32U545REI6, STM32U545REI6Q, STM32U545RET6, STM32U545RET6Q, STM32U545VEI6, STM32U545VEI6Q, STM32U545VET6, STM32U545VET6Q, STM32U595AIH6, STM32U595AIH6Q, STM32U595AJH6, STM32U595AJH6Q, STM32U595QII6, STM32U595QII6Q, STM32U595QJI6, STM32U595QJI6Q, STM32U595RIT6, STM32U595RIT6Q, STM32U595RJT6, STM32U595RJT6Q, STM32U595VIT6, STM32U595VIT6Q, STM32U595VJT6, STM32U595VJT6Q, STM32U595ZIT6, STM32U595ZIT6Q, STM32U595ZIY6QTR, STM32U595ZJT6, STM32U595ZJT6Q, STM32U595ZJY6QTR, STM32U599BJY6QTR, STM32U599NIH6Q, STM32U599NJH6Q, STM32U599VIT6Q, STM32U599VJT6, STM32U599VJT6Q, STM32U599ZIT6Q, STM32U599ZIY6QTR, STM32U599ZJT6Q, STM32U599ZJY6QTR, STM32U5A5AJH6, STM32U5A5AJH6Q, STM32U5A5QJI6, STM32U5A5QJI6Q, STM32U5A5RJT6, STM32U5A5RJT6Q, STM32U5A5VJT6, STM32U5A5VJT6Q, STM32U5A5ZJT6, STM32U5A5ZJT6Q, STM32U5A5ZJY6QTR, STM32U5A9BJY6QTR, STM32U5A9J-DK, STM32U5A9NJH6Q, STM32U5A9VJT6Q, STM32U5A9ZJT6Q, STM32U5A9ZJY6QTR, STM32U5F7VIT6, STM32U5F7VIT6Q, STM32U5F7VJT6, STM32U5F7VJT6Q, STM32U5F9BJY6QTR, STM32U5F9NJH6Q, STM32U5F9VIT6Q, STM32U5F9VJT6Q, STM32U5F9ZIJ6QTR, STM32U5F9ZIT6Q, STM32U5F9ZJJ6QTR, STM32U5F9ZJT6Q, STM32U5G7VJT6, STM32U5G7VJT6Q, STM32U5G9BJY6QTR, STM32U5G9J-DK1, STM32U5G9J-DK2, STM32U5G9NJH6Q, STM32U5G9VJT6Q, STM32U5G9ZJJ6QTR, STM32U5G9ZJT6Q, STM32WB1MMCH6, STM32WBA52CEU6, STM32WBA52CEU6T, STM32WBA52CGU6, STM32WBA52CGU6T, STM32WBA52KEU6, STM32WBA52KEU6T, STM32WBA52KGU6, STM32WBA52KGU6T, STM32WL5MOCH6, STM32WL5MOCH6TR]
2024-01-05 23:21:57,655 [INFO] BoardInfo:880 - No configuration file found for board P-NUCLEO-WB55
2024-01-05 23:21:57,656 [INFO] DbBoards:157 - Kit is not supported: P-NUCLEO-WB55
2024-01-05 23:21:57,658 [INFO] BoardInfo:880 - No configuration file found for board STEVAL-BFA001V1B
2024-01-05 23:21:57,658 [INFO] DbBoards:157 - Kit is not supported: STEVAL-BFA001V1B
2024-01-05 23:21:57,658 [INFO] BoardInfo:880 - No configuration file found for board STEVAL-BFA001V2B
2024-01-05 23:21:57,658 [INFO] DbBoards:157 - Kit is not supported: STEVAL-BFA001V2B
2024-01-05 23:21:57,660 [INFO] BoardInfo:880 - No configuration file found for board STEVAL-MKBOXPRO
2024-01-05 23:21:57,660 [INFO] DbBoards:157 - Board is not supported: STEVAL-MKBOXPRO
2024-01-05 23:21:57,712 [INFO] DbBoards:161 - Found 191 boards, 187 are supported
2024-01-05 23:21:57,715 [INFO] ApiDb:423 - Load user favorites file C:\Users\VINH/.stm32cubeide/favorites.boards.txt: 0 item(s)
2024-01-05 23:21:57,716 [INFO] ApiDb:427 - User favorites Boards=[]
2024-01-05 23:21:57,717 [INFO] DbBoards:190 - Set 0 / 0 favorites Boards
2024-01-05 23:21:57,719 [INFO] ApiDb:668 - CubeFinder database Data Model version=2.1
2024-01-05 23:21:57,719 [INFO] ApiDb:669 - CubeFinder database Configuration version=3.0.39
2024-01-05 23:21:57,719 [INFO] ApiDb:670 - CubeFinder database generation date=2023-12-08 (1702028721)
2024-01-05 23:21:57,719 [INFO] ApiDb:671 - CubeFinder database FW Pack versions=[FP-ATR-ASTRA1_V2.0.0, FP-SNS-FLIGHT1_V5.0.1, FP-SNS-FLIGHT1_V5.0.2, FP-SNS-MOTENV1_V4.3.1, FP-SNS-MOTENV1_V4.3.2, FP-SNS-MOTENVWB1_V1.3.1, FP-SNS-SMARTAG2_V1.2.0, STM32Cube_FW_C0_V1.1.0, STM32Cube_FW_F4_V1.28.0, STM32Cube_FW_F7_V1.17.0, STM32Cube_FW_G0_V1.6.1, STM32Cube_FW_G4_V1.5.1, STM32Cube_FW_H5_V0.5.1, STM32Cube_FW_H5_V1.1.1, STM32Cube_FW_H5_V1.2.0RC2, STM32Cube_FW_H7_V1.11.0, STM32Cube_FW_L0_V1.12.2, STM32Cube_FW_L5_V1.5.0, STM32Cube_FW_U5_V1.3.0RC4, STM32Cube_FW_U5_V1.4.0, STM32Cube_FW_WBA_V1.0.0RC1, STM32Cube_FW_WBA_V1.1.0RC1, STM32Cube_FW_WBA_V1.2.0, STM32Cube_FW_WBA_V1.2.0RC2, STM32Cube_FW_WB_V1.15.0RC1, STM32Cube_FW_WB_V1.16.0, STM32Cube_FW_WB_V1.16.0RC2, STM32Cube_FW_WB_V1.18.0, STM32Cube_FW_WL_V1.3.0, X-CUBE-ALGOBUILD_V1.3.0, X-CUBE-ALS_V1.0.1, X-CUBE-AZRTOS-F4_V1.1.0, X-CUBE-AZRTOS-F7_V1.1.0, X-CUBE-AZRTOS-G0_V1.1.0, X-CUBE-AZRTOS-G4_V2.0.0, X-CUBE-AZRTOS-H7_V3.1.0, X-CUBE-AZRTOS-L4_V1.0.0, X-CUBE-AZRTOS-L4_V2.0.0, X-CUBE-AZRTOS-L5_V1.1.0, X-CUBE-AZRTOS-WB_V2.0.0, X-CUBE-AZRTOS-WL_V2.0.0, X-CUBE-BLE1_V7.0.0, X-CUBE-BLE2_V3.3.0, X-CUBE-BLEMGR_V3.0.0, X-CUBE-EEPRMA1_V4.1.0, X-CUBE-EEPRMA1_V4.2.0, X-CUBE-FREERTOS_V1.1.0, X-CUBE-GNSS1_V6.0.0, X-CUBE-MEMS1_V10.0.0, X-CUBE-MEMS1_V9.1.0, X-CUBE-MEMS1_V9.4.0, X-CUBE-MEMS1_V9.6.0, X-CUBE-NFC4_V3.0.0, X-CUBE-NFC7_V1.0.1, X-CUBE-SFXS2LP1_V4.0.0, X-CUBE-SUBG2_V5.0.0, X-CUBE-TOF1_V3.4.0]
2024-01-05 23:21:58,228 [ERROR] DbExamplesSqlite:437 - Missing JSON key: board_cpn
2024-01-05 23:21:58,228 [ERROR] DbExamplesSqlite:437 - Missing JSON key: board_cpn
2024-01-05 23:21:58,228 [ERROR] DbExamplesSqlite:437 - Missing JSON key: board_cpn
2024-01-05 23:21:58,228 [ERROR] DbExamplesSqlite:437 - Missing JSON key: board_cpn
2024-01-05 23:21:58,261 [INFO] DbExamplesSqlite:395 - Ignored 55 examples not supported by CubeIDE
2024-01-05 23:21:58,261 [INFO] DbExamplesSqlite:396 - Found 7560 examples active
2024-01-05 23:21:58,261 [INFO] DbExamplesSqlite:397 - Found 844 examples obsolete
2024-01-05 23:21:58,261 [INFO] DbExamplesSqlite:398 - Found 0 examples under development
2024-01-05 23:21:58,262 [INFO] DbExamplesSqlite:399 - Found 8 examples not building
2024-01-05 23:21:58,264 [INFO] DbExamples:125 - Found 7513 examples
2024-01-05 23:21:58,315 [ERROR] DbExamples:208 - Found 247 examples with invalid data (board or MCU)
2024-01-05 23:21:58,315 [INFO] DbExamples:222 - Found 93 boards with related examples
2024-01-05 23:21:58,316 [INFO] DbExamples:235 - Found 79 MCUs with related examples
2024-01-05 23:21:58,331 [INFO] ApiDb:414 - User favorites file not found: C:\Users\VINH/.stm32cubeide/favorites.examples.txt
2024-01-05 23:21:58,332 [INFO] DbExamples:250 - Set 0 / 0 favorites Examples
2024-01-05 23:21:58,500 [INFO] McuFinderGlobals:76 - Set McuFinderConnectedMode to true
2024-01-05 23:21:58,516 [INFO] MultiScanPanel:200 - Auto-refresh data requested => check proxy status ongoing
2024-01-05 23:21:58,520 [INFO] FinderPluginLoader:95 - Searching for filters in installed packs
2024-01-05 23:21:59,937 [INFO] LoadUrlFilesThread:185 - End of LoadServerUrlFiles without Thread
2024-01-05 23:21:59,950 [INFO] DetailPanel:341 - Set advertising image to C:/Users/VINH/STM32Cube/Repository/\en.prom-stm32wl3-mcu-finder.jpg
2024-01-05 23:22:07,084 [ERROR] LogOutputStream:75 - [STDERR_REDIRECT] SLF4J: Failed to load class "org.slf4j.impl.StaticLoggerBinder".
2024-01-05 23:22:07,085 [ERROR] LogOutputStream:75 - [STDERR_REDIRECT] SLF4J: Defaulting to no-operation (NOP) logger implementation
2024-01-05 23:22:07,085 [ERROR] LogOutputStream:75 - [STDERR_REDIRECT] SLF4J: See http://www.slf4j.org/codes.html#StaticLoggerBinder for further details.
2024-01-05 23:22:29,813 [INFO] MainUpdater:2868 - connection check result : 10
2024-01-05 23:22:29,813 [INFO] MainUpdater:2868 - connection check result : 10
2024-01-05 23:22:29,832 [INFO] MicroXplorer:468 - Change Database Path : 
2024-01-05 23:22:29,832 [INFO] MicroXplorer:498 - Change Database Version : DB.6.0.92
2024-01-05 23:22:29,837 [WARN] ThirdParty:871 - waiting for thirdparty lock release [close project]
2024-01-05 23:22:29,837 [INFO] ThirdParty:873 - entering critical section [close project]
2024-01-05 23:22:29,839 [INFO] ThirdParty:883 - exiting critical section [close project]
2024-01-05 23:22:29,843 [INFO] PinOutPanel:1499 - setPackage(No Configuration,No Configuration)
2024-01-05 23:22:29,851 [INFO] UtilMem:75 - Begin LoadConfig() Used Memory: 289140064 Bytes (591396864)
2024-01-05 23:22:29,855 [INFO] MicroXplorer:468 - Change Database Path : 
2024-01-05 23:22:29,855 [INFO] MicroXplorer:498 - Change Database Version : DB.6.0.92
2024-01-05 23:22:29,855 [INFO] OpenFileManager:308 - Change cursor
2024-01-05 23:22:29,896 [INFO] Mcu:1946 - Initializing MCU STM32F103C8Tx STM32F103C8Tx STM32F103C8T6
2024-01-05 23:22:30,413 [INFO] Context:659 - Trying to add GPIOservice into a context  which must be forbidden
2024-01-05 23:22:30,511 [INFO] ImportTextPane:194 - (OptionalMessage_ERROR) Unable to find key (Mcu.ThirdPartyNb) in loaded IOC file
2024-01-05 23:22:30,511 [INFO] ImportTextPane:194 - (OptionalMessage_ERROR) Unable to find key (Mcu.PinsNb) in loaded IOC file
2024-01-05 23:22:30,511 [INFO] ImportTextPane:194 - (OptionalMessage_ERROR) Unable to find key (Mcu.IPNb) in loaded IOC file
2024-01-05 23:22:30,624 [INFO] RtosManager:555 - Registered RTOS mode: class=CMSIS, group=RTOS, mode=CMSIS_V1, owner=FREERTOS
2024-01-05 23:22:30,624 [INFO] RtosManager:555 - Registered RTOS mode: class=CMSIS, group=RTOS2, mode=CMSIS_V2, owner=FREERTOS
2024-01-05 23:22:30,624 [INFO] RtosManager:555 - Registered RTOS mode: class=RTOS, group=Core, mode=CMSIS_V1, owner=FREERTOS
2024-01-05 23:22:30,624 [INFO] RtosManager:555 - Registered RTOS mode: class=RTOS, group=Core, mode=CMSIS_V2, owner=FREERTOS
2024-01-05 23:22:30,625 [WARN] ModelIntegratedComponent:184 - Missing modes for component STMicroelectronics:FreeRTOS:0.0.1:STMicroelectronics:RTOS:FreeRTOS:Core:::10.2.0:
2024-01-05 23:22:30,633 [WARN] ModelIntegratedComponent:63 - No mode defined for component null
2024-01-05 23:22:30,633 [WARN] ModelIntegratedComponent:63 - No mode defined for component null
2024-01-05 23:22:30,633 [WARN] ModelIntegratedComponent:63 - No mode defined for component null
2024-01-05 23:22:30,633 [WARN] ModelIntegratedComponent:63 - No mode defined for component null
2024-01-05 23:22:30,633 [WARN] ModelIntegratedComponent:63 - No mode defined for component null
2024-01-05 23:22:30,633 [WARN] ModelIntegratedComponent:63 - No mode defined for component null
2024-01-05 23:22:30,633 [WARN] ModelIntegratedComponent:63 - No mode defined for component null
2024-01-05 23:22:30,633 [WARN] ModelIntegratedComponent:63 - No mode defined for component null
2024-01-05 23:22:30,633 [WARN] ModelIntegratedComponent:63 - No mode defined for component null
2024-01-05 23:22:30,633 [WARN] ModelIntegratedComponent:63 - No mode defined for component null
2024-01-05 23:22:30,633 [WARN] ModelIntegratedComponent:63 - No mode defined for component null
2024-01-05 23:22:30,633 [WARN] ModelIntegratedComponent:63 - No mode defined for component null
2024-01-05 23:22:30,633 [WARN] ModelIntegratedComponent:63 - No mode defined for component null
2024-01-05 23:22:30,633 [WARN] ModelIntegratedComponent:63 - No mode defined for component null
2024-01-05 23:22:30,633 [WARN] ModelIntegratedComponent:63 - No mode defined for component null
2024-01-05 23:22:30,633 [WARN] ModelIntegratedComponent:63 - No mode defined for component null
2024-01-05 23:22:30,633 [WARN] ModelIntegratedComponent:63 - No mode defined for component null
2024-01-05 23:22:30,633 [WARN] ModelIntegratedComponent:63 - No mode defined for component null
2024-01-05 23:22:30,633 [WARN] ModelIntegratedComponent:63 - No mode defined for component null
2024-01-05 23:22:30,633 [WARN] ModelIntegratedComponent:63 - No mode defined for component null
2024-01-05 23:22:30,633 [WARN] ModelIntegratedComponent:63 - No mode defined for component null
2024-01-05 23:22:30,633 [WARN] ModelIntegratedComponent:63 - No mode defined for component null
2024-01-05 23:22:30,633 [WARN] ModelIntegratedComponent:63 - No mode defined for component null
2024-01-05 23:22:30,633 [WARN] ModelIntegratedComponent:63 - No mode defined for component null
2024-01-05 23:22:30,633 [WARN] ModelIntegratedComponent:63 - No mode defined for component null
2024-01-05 23:22:30,633 [WARN] ModelIntegratedComponent:63 - No mode defined for component null
2024-01-05 23:22:30,633 [WARN] ModelIntegratedComponent:63 - No mode defined for component null
2024-01-05 23:22:30,633 [WARN] ModelIntegratedComponent:63 - No mode defined for component null
2024-01-05 23:22:30,633 [WARN] ModelIntegratedComponent:63 - No mode defined for component null
2024-01-05 23:22:30,634 [WARN] ModelIntegratedComponent:63 - No mode defined for component null
2024-01-05 23:22:30,634 [WARN] ModelIntegratedComponent:63 - No mode defined for component null
2024-01-05 23:22:30,634 [WARN] ModelIntegratedComponent:63 - No mode defined for component null
2024-01-05 23:22:30,634 [WARN] ModelIntegratedComponent:63 - No mode defined for component null
2024-01-05 23:22:30,701 [INFO] ThirdPartyModel:298 - Start build external matchings
2024-01-05 23:22:31,021 [INFO] ThirdPartyModel:316 - End build external matchings
2024-01-05 23:22:31,169 [INFO] UtilMem:75 - End LoadConfig() Used Memory: 260341112 Bytes (591396864)
2024-01-05 23:22:31,184 [WARN] ThirdParty:833 - waiting for thirdparty lock release [change project]
2024-01-05 23:22:31,184 [INFO] ThirdParty:835 - entering critical section [change project]
2024-01-05 23:22:31,184 [INFO] ThirdParty:1030 - CMSIS Pack Vendor :STMicroelectronics X-CUBE-ISPU 1.1.0
2024-01-05 23:22:31,184 [INFO] ThirdParty:1030 - CMSIS Pack Vendor :STMicroelectronics USBPD 4.1
2024-01-05 23:22:31,184 [INFO] ThirdParty:1030 - CMSIS Pack Vendor :STMicroelectronics X-CUBE-GNSS1 6.0.0
2024-01-05 23:22:31,184 [INFO] ThirdParty:1030 - CMSIS Pack Vendor :STMicroelectronics USB_HOST 2.0.0
2024-01-05 23:22:31,184 [INFO] ThirdParty:1030 - CMSIS Pack Vendor :STMicroelectronics X-CUBE-AZRTOS-F4 1.1.0
2024-01-05 23:22:31,184 [INFO] ThirdParty:1030 - CMSIS Pack Vendor :STMicroelectronics LIBJPEG 8.0.0
2024-01-05 23:22:31,184 [INFO] ThirdParty:1030 - CMSIS Pack Vendor :wolfSSL I-CUBE-wolfSSL 5.6.3
2024-01-05 23:22:31,184 [INFO] ThirdParty:1030 - CMSIS Pack Vendor :STMicroelectronics X-CUBE-SMBUS 2.1.0
2024-01-05 23:22:31,184 [INFO] ThirdParty:1030 - CMSIS Pack Vendor :STMicroelectronics USB_DEVICE 3.0.0
2024-01-05 23:22:31,184 [INFO] ThirdParty:1030 - CMSIS Pack Vendor :STMicroelectronics X-CUBE-AZRTOS-WB 2.0.0
2024-01-05 23:22:31,184 [INFO] ThirdParty:1030 - CMSIS Pack Vendor :STMicroelectronics X-CUBE-TOUCHGFX 4.23.0
2024-01-05 23:22:31,184 [INFO] ThirdParty:1030 - CMSIS Pack Vendor :STMicroelectronics X-CUBE-AZRTOS-F7 1.1.0
2024-01-05 23:22:31,184 [INFO] ThirdParty:1030 - CMSIS Pack Vendor :STMicroelectronics X-CUBE-AZRTOS-L5 2.0.0
2024-01-05 23:22:31,184 [INFO] ThirdParty:1030 - CMSIS Pack Vendor :STMicroelectronics USB_DEVICE 2.0.0
2024-01-05 23:22:31,184 [INFO] ThirdParty:1030 - CMSIS Pack Vendor :STMicroelectronics X-CUBE-MEMS1 9.6.0
2024-01-05 23:22:31,184 [INFO] ThirdParty:1030 - CMSIS Pack Vendor :STMicroelectronics X-CUBE-EEPRMA1 4.2.0
2024-01-05 23:22:31,184 [INFO] ThirdParty:1030 - CMSIS Pack Vendor :ITTIA_DB I-CUBE-ITTIADB 8.8.0
2024-01-05 23:22:31,184 [INFO] ThirdParty:1030 - CMSIS Pack Vendor :STMicroelectronics FP-SNS-MOTENV1 4.3.2
2024-01-05 23:22:31,184 [INFO] ThirdParty:1030 - CMSIS Pack Vendor :STMicroelectronics X-CUBE-ALGOBUILD 1.3.0
2024-01-05 23:22:31,184 [INFO] ThirdParty:1030 - CMSIS Pack Vendor :STMicroelectronics FreeRTOS 0.0.1
2024-01-05 23:22:31,186 [INFO] ThirdParty:1030 - CMSIS Pack Vendor :STMicroelectronics X-CUBE-AZRTOS-G0 1.1.0
2024-01-05 23:22:31,186 [INFO] ThirdParty:1030 - CMSIS Pack Vendor :STMicroelectronics X-CUBE-BLEMGR 2.0.0
2024-01-05 23:22:31,186 [INFO] ThirdParty:1030 - CMSIS Pack Vendor :STMicroelectronics X-CUBE-NFC4 3.0.0
2024-01-05 23:22:31,186 [INFO] ThirdParty:1030 - CMSIS Pack Vendor :STMicroelectronics X-CUBE-SUBG2 5.0.0
2024-01-05 23:22:31,186 [INFO] ThirdParty:1030 - CMSIS Pack Vendor :STMicroelectronics STM32_WPAN 1.0.0
2024-01-05 23:22:31,186 [INFO] ThirdParty:1030 - CMSIS Pack Vendor :STMicroelectronics lwIP 2.0.3
2024-01-05 23:22:31,186 [INFO] ThirdParty:1030 - CMSIS Pack Vendor :STMicroelectronics FP-SNS-FLIGHT1 5.0.2
2024-01-05 23:22:31,186 [INFO] ThirdParty:1030 - CMSIS Pack Vendor :STMicroelectronics USB_HOST 1.0.0
2024-01-05 23:22:31,186 [INFO] ThirdParty:1030 - CMSIS Pack Vendor :STMicroelectronics X-CUBE-TOF1 3.3.1
2024-01-05 23:22:31,186 [INFO] ThirdParty:1030 - CMSIS Pack Vendor :STMicroelectronics X-CUBE-AZRTOS-G4 2.0.0
2024-01-05 23:22:31,186 [INFO] ThirdParty:1030 - CMSIS Pack Vendor :STMicroelectronics PDM2PCM 3.1.0
2024-01-05 23:22:31,186 [INFO] ThirdParty:1030 - CMSIS Pack Vendor :STMicroelectronics X-CUBE-AZRTOS-H7 3.1.0
2024-01-05 23:22:31,186 [INFO] ThirdParty:1030 - CMSIS Pack Vendor :Infineon AIROC-Wi-Fi-Bluetooth-STM32 1.5.1
2024-01-05 23:22:31,186 [INFO] ThirdParty:1030 - CMSIS Pack Vendor :STMicroelectronics X-CUBE-BLEMGR 3.0.0
2024-01-05 23:22:31,186 [INFO] ThirdParty:1030 - CMSIS Pack Vendor :STMicroelectronics PDM2PCM 3.3.0
2024-01-05 23:22:31,186 [INFO] ThirdParty:1030 - CMSIS Pack Vendor :STMicroelectronics X-CUBE-DISPLAY 3.0.0
2024-01-05 23:22:31,186 [INFO] ThirdParty:1030 - CMSIS Pack Vendor :STMicroelectronics FP-SNS-MOTENVWB1 1.3.0
2024-01-05 23:22:31,186 [INFO] ThirdParty:1030 - CMSIS Pack Vendor :STMicroelectronics FP-SNS-MOTENVWB1 1.3.1
2024-01-05 23:22:31,186 [INFO] ThirdParty:1030 - CMSIS Pack Vendor :STMicroelectronics X-CUBE-BLE1 7.0.0
2024-01-05 23:22:31,186 [INFO] ThirdParty:1030 - CMSIS Pack Vendor :STMicroelectronics FP-ATR-SIGFOX1 3.2.0
2024-01-05 23:22:31,186 [INFO] ThirdParty:1030 - CMSIS Pack Vendor :STMicroelectronics X-CUBE-ISPU 2.0.0
2024-01-05 23:22:31,186 [INFO] ThirdParty:1030 - CMSIS Pack Vendor :STMicroelectronics HAL Drivers 0.0.0
2024-01-05 23:22:31,186 [INFO] ThirdParty:1030 - CMSIS Pack Vendor :STMicroelectronics MBEDTLS 2.16.2
2024-01-05 23:22:31,186 [INFO] ThirdParty:1030 - CMSIS Pack Vendor :emotas I-CUBE-CANOPEN 1.3.0
2024-01-05 23:22:31,186 [INFO] ThirdParty:1030 - CMSIS Pack Vendor :STMicroelectronics X-CUBE-MEMS1 10.0.0
2024-01-05 23:22:31,186 [INFO] ThirdParty:1030 - CMSIS Pack Vendor :STMicroelectronics X-CUBE-FREERTOS 1.1.0
2024-01-05 23:22:31,186 [INFO] ThirdParty:1030 - CMSIS Pack Vendor :STMicroelectronics X-CUBE-NFC7 1.0.1
2024-01-05 23:22:31,186 [INFO] ThirdParty:1030 - CMSIS Pack Vendor :STMicroelectronics MBEDTLS 2.14.1
2024-01-05 23:22:31,186 [INFO] ThirdParty:1030 - CMSIS Pack Vendor :STMicroelectronics X-CUBE-TOUCHGFX 4.22.1
2024-01-05 23:22:31,186 [INFO] ThirdParty:1030 - CMSIS Pack Vendor :STMicroelectronics X-CUBE-NFC6 3.0.0
2024-01-05 23:22:31,186 [INFO] ThirdParty:1030 - CMSIS Pack Vendor :STMicroelectronics X-CUBE-EEPRMA1 4.1.0
2024-01-05 23:22:31,186 [INFO] ThirdParty:1030 - CMSIS Pack Vendor :portGmbH I-Cube-SoM-uGOAL 1.1.0
2024-01-05 23:22:31,186 [INFO] ThirdParty:1030 - CMSIS Pack Vendor :STMicroelectronics X-CUBE-ALS 1.0.1
2024-01-05 23:22:31,186 [INFO] ThirdParty:1030 - CMSIS Pack Vendor :STMicroelectronics ThreadX 1.0.0
2024-01-05 23:22:31,186 [INFO] ThirdParty:1030 - CMSIS Pack Vendor :STMicroelectronics FP-SNS-SMARTAG2 1.2.0
2024-01-05 23:22:31,186 [INFO] ThirdParty:1030 - CMSIS Pack Vendor :STMicroelectronics X-CUBE-AZRTOS-WL 2.0.0
2024-01-05 23:22:31,186 [INFO] ThirdParty:1030 - CMSIS Pack Vendor :SEGGER I-CUBE-embOS 1.3.1
2024-01-05 23:22:31,186 [INFO] ThirdParty:1030 - CMSIS Pack Vendor :STMicroelectronics USB_DEVICE 1.0.0
2024-01-05 23:22:31,186 [INFO] ThirdParty:1030 - CMSIS Pack Vendor :STMicroelectronics X-CUBE-AI 8.1.0
2024-01-05 23:22:31,186 [INFO] ThirdParty:1030 - CMSIS Pack Vendor :STMicroelectronics X-CUBE-AZRTOS-L4 2.0.0
2024-01-05 23:22:31,186 [INFO] ThirdParty:1030 - CMSIS Pack Vendor :STMicroelectronics ThreadX 0.0.2
2024-01-05 23:22:31,186 [INFO] ThirdParty:1030 - CMSIS Pack Vendor :WES I-CUBE-Cesium 1.3.0
2024-01-05 23:22:31,186 [INFO] ThirdParty:1030 - CMSIS Pack Vendor :STMicroelectronics FP-ATR-ASTRA1 2.0.0
2024-01-05 23:22:31,186 [INFO] ThirdParty:1030 - CMSIS Pack Vendor :STMicroelectronics lwIP 2.1.2
2024-01-05 23:22:31,186 [INFO] ThirdParty:1030 - CMSIS Pack Vendor :STMicroelectronics X-CUBE-SFXS2LP1 4.0.0
2024-01-05 23:22:31,186 [INFO] ThirdParty:1030 - CMSIS Pack Vendor :STMicroelectronics X-CUBE-BLE2 3.3.0
2024-01-05 23:22:31,186 [INFO] ThirdParty:1030 - CMSIS Pack Vendor :STMicroelectronics X-CUBE-TOF1 3.4.0
2024-01-05 23:22:31,186 [INFO] ThirdParty:1030 - CMSIS Pack Vendor :STMicroelectronics X-CUBE-AZRTOS-H7 3.2.0
2024-01-05 23:22:31,186 [INFO] ThirdParty:1030 - CMSIS Pack Vendor :STMicroelectronics PDM2PCM 3.2.0
2024-01-05 23:22:31,186 [INFO] ThirdParty:841 - exiting critical section [change project]
2024-01-05 23:22:31,330 [INFO] PinOutPanel:1499 - setPackage(No Configuration,No Configuration)
2024-01-05 23:22:31,331 [INFO] PinOutPanel:1499 - setPackage(STM32F103C8Tx,LQFP48)
2024-01-05 23:22:31,633 [INFO] UtilMem:75 - Before build in PCC Used Memory: 362036448 Bytes (591396864)
2024-01-05 23:22:32,118 [INFO] UtilMem:75 - After build in PCC Used Memory: 474234080 Bytes (591396864)
2024-01-05 23:22:32,138 [INFO] IPUIPlugin:80 - create IPUIPlugin
2024-01-05 23:22:32,139 [INFO] IPUIPlugin:80 - create IPUIPlugin
2024-01-05 23:22:32,139 [INFO] IPUIPlugin:80 - create IPUIPlugin
2024-01-05 23:22:32,139 [INFO] IPUIPlugin:80 - create IPUIPlugin
2024-01-05 23:22:32,139 [INFO] IPUIPlugin:80 - create IPUIPlugin
2024-01-05 23:22:32,140 [INFO] IPUIPlugin:80 - create IPUIPlugin
2024-01-05 23:22:32,140 [INFO] IPUIPlugin:80 - create IPUIPlugin
2024-01-05 23:22:32,140 [INFO] IPUIPlugin:80 - create IPUIPlugin
2024-01-05 23:22:32,140 [INFO] IPUIPlugin:80 - create IPUIPlugin
2024-01-05 23:22:32,140 [INFO] IPUIPlugin:80 - create IPUIPlugin
2024-01-05 23:22:32,140 [INFO] IPUIPlugin:80 - create IPUIPlugin
2024-01-05 23:22:32,140 [INFO] IPUIPlugin:80 - create IPUIPlugin
2024-01-05 23:22:32,140 [INFO] IPUIPlugin:80 - create IPUIPlugin
2024-01-05 23:22:32,140 [INFO] IPUIPlugin:80 - create IPUIPlugin
2024-01-05 23:22:32,140 [INFO] IPUIPlugin:80 - create IPUIPlugin
2024-01-05 23:22:32,140 [INFO] IPUIPlugin:80 - create IPUIPlugin
2024-01-05 23:22:32,141 [INFO] IPUIPlugin:80 - create IPUIPlugin
2024-01-05 23:22:32,141 [INFO] IPUIPlugin:80 - create IPUIPlugin
2024-01-05 23:22:32,141 [INFO] IPUIPlugin:80 - create IPUIPlugin
2024-01-05 23:22:32,141 [INFO] IPUIPlugin:80 - create IPUIPlugin
2024-01-05 23:22:32,141 [INFO] IPUIPlugin:80 - create IPUIPlugin
2024-01-05 23:22:32,142 [INFO] IPUIPlugin:80 - create IPUIPlugin
2024-01-05 23:22:32,142 [INFO] IPUIPlugin:80 - create IPUIPlugin
2024-01-05 23:22:32,142 [INFO] IPUIPlugin:80 - create IPUIPlugin
2024-01-05 23:22:32,142 [INFO] IPUIPlugin:80 - create IPUIPlugin
2024-01-05 23:22:32,142 [INFO] IPUIPlugin:80 - create IPUIPlugin
2024-01-05 23:22:32,142 [INFO] IPUIPlugin:80 - create IPUIPlugin
2024-01-05 23:22:32,305 [INFO] CADModel:165 - CPN selected for project levelSTM32F103C8T6
2024-01-05 23:22:32,305 [INFO] CADModel:114 - Register for checkConnection events
2024-01-05 23:22:32,349 [INFO] OpenFileManager:328 - Restore cursor
2024-01-05 23:22:32,766 [INFO] UtilMem:75 - End SaveConfig() Used Memory: 257766736 Bytes (591396864)
2024-01-05 23:22:32,813 [INFO] UtilMem:75 - End SaveConfig() Used Memory: 269301072 Bytes (591396864)
2024-01-05 23:22:33,045 [INFO] BlockDiagram:2759 - set Specific Code input for plugin: NVIC
2024-01-05 23:22:33,046 [INFO] BlockDiagram:2759 - set Specific Code input for plugin: RCC
2024-01-05 23:22:33,047 [INFO] CodeGenerator:799 - code generatio: config db path: E:\PIF\STM32CubeIDE_1.13.2\STM32CubeIDE\plugins\com.st.stm32cube.common.mx_6.9.2.202309101412\\db\
2024-01-05 23:22:33,221 [INFO] CodeEngine:255 - oldGeneratedFile, E:\PIF\workspace\Final_project\Co_len_nao\MXTmpFiles\license.tmp_save
2024-01-05 23:22:33,496 [INFO] CodeEngine:279 - Generated code: E:\PIF\workspace\Final_project\Co_len_nao\MXTmpFiles\license.tmp
2024-01-05 23:22:33,512 [INFO] CodeEngine:255 - oldGeneratedFile, E:\PIF\workspace\Final_project\Co_len_nao\Core\Src\stm32f1xx_it.c_save
2024-01-05 23:22:33,677 [INFO] CodeEngine:279 - Generated code: E:\PIF\workspace\Final_project\Co_len_nao\Core\Src\stm32f1xx_it.c
2024-01-05 23:22:33,690 [INFO] CodeEngine:255 - oldGeneratedFile, E:\PIF\workspace\Final_project\Co_len_nao\Core\Inc\stm32f1xx_it.h_save
2024-01-05 23:22:33,790 [INFO] CodeEngine:279 - Generated code: E:\PIF\workspace\Final_project\Co_len_nao\Core\Inc\stm32f1xx_it.h
2024-01-05 23:22:33,892 [INFO] CodeEngine:255 - oldGeneratedFile, E:\PIF\workspace\Final_project\Co_len_nao\Core\Src\stm32f1xx_hal_msp.c_save
2024-01-05 23:22:34,025 [INFO] CodeEngine:279 - Generated code: E:\PIF\workspace\Final_project\Co_len_nao\Core\Src\stm32f1xx_hal_msp.c
2024-01-05 23:22:34,034 [INFO] CodeEngine:255 - oldGeneratedFile, E:\PIF\workspace\Final_project\Co_len_nao\MXTmpFiles\system.tmp_save
2024-01-05 23:22:34,091 [INFO] CodeEngine:279 - Generated code: E:\PIF\workspace\Final_project\Co_len_nao\MXTmpFiles\system.tmp
2024-01-05 23:22:34,101 [INFO] CodeEngine:311 - oldGeneratedFile, E:\PIF\workspace\Final_project\Co_len_nao\Core\Inc\stm32f1xx_hal_conf.h_save
2024-01-05 23:22:34,235 [INFO] CodeEngine:335 - Generated code: E:\PIF\workspace\Final_project\Co_len_nao\Core\Inc\stm32f1xx_hal_conf.h
2024-01-05 23:22:34,272 [INFO] CodeEngine:255 - oldGeneratedFile, E:\PIF\workspace\Final_project\Co_len_nao\Core\Inc\main.h_save
2024-01-05 23:22:34,416 [INFO] CodeEngine:279 - Generated code: E:\PIF\workspace\Final_project\Co_len_nao\Core\Inc\main.h
2024-01-05 23:22:34,425 [INFO] CodeEngine:255 - oldGeneratedFile, E:\PIF\workspace\Final_project\Co_len_nao\Core\Src\main.c_save
2024-01-05 23:22:34,595 [INFO] CodeEngine:279 - Generated code: E:\PIF\workspace\Final_project\Co_len_nao\Core\Src\main.c
2024-01-05 23:22:35,000 [INFO] ProjectBuilder:3064 - Time for Copy HAL[1] : 113mS.
2024-01-05 23:22:35,004 [INFO] ProjectBuilder:4404 - Project Generator version: 4.1.0
2024-01-05 23:22:35,264 [INFO] ConfigFileManager:1457 - The Die is : DIE410
2024-01-05 23:22:35,278 [INFO] ApiDbMcu:507 - Load IP Config File for FATFS
2024-01-05 23:22:35,287 [INFO] ApiDbMcu:507 - Load IP Config File for FREERTOS
2024-01-05 23:22:35,316 [INFO] ApiDbMcu:507 - Load IP Config File for USB_DEVICE
2024-01-05 23:22:35,996 [INFO] LogOutputStream:77 - [STDOUT_REDIRECT] 
2024-01-05 23:22:38,215 [INFO] ProjectBuilder:4626 - Time for Generating toolchain IDE Files: 3211mS.
2024-01-05 23:22:38,216 [INFO] ProjectBuilder:2935 - Time for Copy CMSIS : 0mS.
2024-01-05 23:22:38,217 [INFO] ProjectBuilder:2935 - Time for Copy CMSIS : 0mS.
2024-01-05 23:22:38,944 [INFO] McuFinderGlobals:76 - Set McuFinderConnectedMode to true
2024-01-05 23:22:38,948 [INFO] ApiDb:448 - Save user favorites file C:\Users\VINH/.stm32cubeide/favorites.mcus.txt: 0 item(s)
2024-01-05 23:22:38,949 [INFO] ApiDb:452 - User favorites MCUs=[]
2024-01-05 23:35:41,436 [WARN] IP:2114 - I2C_Coeff_DF not found: check if there is a RefParameter without a condition.
2024-01-05 23:35:41,436 [WARN] IP:2114 - Analog_Filter not found: check if there is a RefParameter without a condition.
2024-01-05 23:35:41,442 [WARN] IP:2114 - I2C_Coeff_DF not found: check if there is a RefParameter without a condition.
2024-01-05 23:35:41,442 [WARN] IP:2114 - Analog_Filter not found: check if there is a RefParameter without a condition.
2024-01-05 23:35:41,443 [WARN] IP:2114 - I2C_Coeff_DF not found: check if there is a RefParameter without a condition.
2024-01-05 23:35:41,443 [WARN] IP:2114 - Analog_Filter not found: check if there is a RefParameter without a condition.
2024-01-05 23:35:41,480 [WARN] IP:2114 - I2C_Coeff_DF not found: check if there is a RefParameter without a condition.
2024-01-05 23:35:41,480 [WARN] IP:2114 - Analog_Filter not found: check if there is a RefParameter without a condition.
2024-01-05 23:35:41,481 [WARN] IP:2114 - I2C_Coeff_DF not found: check if there is a RefParameter without a condition.
2024-01-05 23:35:41,481 [WARN] IP:2114 - Analog_Filter not found: check if there is a RefParameter without a condition.
2024-01-05 23:36:31,477 [WARN] IP:2114 - I2C_Coeff_DF not found: check if there is a RefParameter without a condition.
2024-01-05 23:36:31,477 [WARN] IP:2114 - Analog_Filter not found: check if there is a RefParameter without a condition.
2024-01-05 23:36:31,477 [WARN] IP:2114 - I2C_Coeff_DF not found: check if there is a RefParameter without a condition.
2024-01-05 23:36:31,477 [WARN] IP:2114 - Analog_Filter not found: check if there is a RefParameter without a condition.
2024-01-05 23:36:31,484 [WARN] IP:2114 - I2C_Coeff_DF not found: check if there is a RefParameter without a condition.
2024-01-05 23:36:31,484 [WARN] IP:2114 - Analog_Filter not found: check if there is a RefParameter without a condition.
2024-01-05 23:36:31,491 [WARN] IP:2114 - I2C_Coeff_DF not found: check if there is a RefParameter without a condition.
2024-01-05 23:36:31,491 [WARN] IP:2114 - Analog_Filter not found: check if there is a RefParameter without a condition.
2024-01-05 23:36:33,453 [INFO] Gpio:273 - dependency for GPIO [I2C1, RCC, SPI1, SYS]
2024-01-05 23:37:00,966 [INFO] Gpio:273 - dependency for GPIO [I2C1, RCC, SPI1, SYS]
2024-01-05 23:37:01,020 [WARN] IP:2114 - I2C_Coeff_DF not found: check if there is a RefParameter without a condition.
2024-01-05 23:37:01,020 [WARN] IP:2114 - Analog_Filter not found: check if there is a RefParameter without a condition.
2024-01-05 23:37:01,020 [WARN] IP:2114 - I2C_Coeff_DF not found: check if there is a RefParameter without a condition.
2024-01-05 23:37:01,020 [WARN] IP:2114 - Analog_Filter not found: check if there is a RefParameter without a condition.
2024-01-05 23:37:01,028 [WARN] IP:2114 - I2C_Coeff_DF not found: check if there is a RefParameter without a condition.
2024-01-05 23:37:01,028 [WARN] IP:2114 - Analog_Filter not found: check if there is a RefParameter without a condition.
2024-01-05 23:37:01,036 [WARN] IP:2114 - I2C_Coeff_DF not found: check if there is a RefParameter without a condition.
2024-01-05 23:37:01,036 [WARN] IP:2114 - Analog_Filter not found: check if there is a RefParameter without a condition.
2024-01-05 23:37:01,051 [INFO] Gpio:273 - dependency for GPIO [I2C1, RCC, SPI1, SYS]
2024-01-05 23:37:28,819 [INFO] Gpio:273 - dependency for GPIO [I2C1, RCC, SPI1, SYS]
2024-01-05 23:43:27,580 [WARN] IP:2114 - I2C_Coeff_DF not found: check if there is a RefParameter without a condition.
2024-01-05 23:43:27,580 [WARN] IP:2114 - Analog_Filter not found: check if there is a RefParameter without a condition.
2024-01-05 23:43:27,581 [WARN] IP:2114 - I2C_Coeff_DF not found: check if there is a RefParameter without a condition.
2024-01-05 23:43:27,581 [WARN] IP:2114 - Analog_Filter not found: check if there is a RefParameter without a condition.
2024-01-05 23:43:27,589 [WARN] IP:2114 - I2C_Coeff_DF not found: check if there is a RefParameter without a condition.
2024-01-05 23:43:27,589 [WARN] IP:2114 - Analog_Filter not found: check if there is a RefParameter without a condition.
2024-01-05 23:43:27,597 [WARN] IP:2114 - I2C_Coeff_DF not found: check if there is a RefParameter without a condition.
2024-01-05 23:43:27,597 [WARN] IP:2114 - Analog_Filter not found: check if there is a RefParameter without a condition.
2024-01-05 23:43:30,389 [WARN] IP:2114 - I2C_Coeff_DF not found: check if there is a RefParameter without a condition.
2024-01-05 23:43:30,390 [WARN] IP:2114 - Analog_Filter not found: check if there is a RefParameter without a condition.
2024-01-05 23:43:30,390 [WARN] IP:2114 - I2C_Coeff_DF not found: check if there is a RefParameter without a condition.
2024-01-05 23:43:30,390 [WARN] IP:2114 - Analog_Filter not found: check if there is a RefParameter without a condition.
2024-01-05 23:43:30,396 [WARN] IP:2114 - I2C_Coeff_DF not found: check if there is a RefParameter without a condition.
2024-01-05 23:43:30,396 [WARN] IP:2114 - Analog_Filter not found: check if there is a RefParameter without a condition.
2024-01-05 23:43:30,403 [WARN] IP:2114 - I2C_Coeff_DF not found: check if there is a RefParameter without a condition.
2024-01-05 23:43:30,403 [WARN] IP:2114 - Analog_Filter not found: check if there is a RefParameter without a condition.
2024-01-05 23:43:32,835 [WARN] IP:2114 - I2C_Coeff_DF not found: check if there is a RefParameter without a condition.
2024-01-05 23:43:32,835 [WARN] IP:2114 - Analog_Filter not found: check if there is a RefParameter without a condition.
2024-01-05 23:43:32,835 [WARN] IP:2114 - I2C_Coeff_DF not found: check if there is a RefParameter without a condition.
2024-01-05 23:43:32,835 [WARN] IP:2114 - Analog_Filter not found: check if there is a RefParameter without a condition.
2024-01-05 23:43:32,843 [WARN] IP:2114 - I2C_Coeff_DF not found: check if there is a RefParameter without a condition.
2024-01-05 23:43:32,843 [WARN] IP:2114 - Analog_Filter not found: check if there is a RefParameter without a condition.
2024-01-05 23:43:32,851 [WARN] IP:2114 - I2C_Coeff_DF not found: check if there is a RefParameter without a condition.
2024-01-05 23:43:32,851 [WARN] IP:2114 - Analog_Filter not found: check if there is a RefParameter without a condition.
2024-01-05 23:43:34,697 [WARN] IP:2114 - I2C_Coeff_DF not found: check if there is a RefParameter without a condition.
2024-01-05 23:43:34,697 [WARN] IP:2114 - Analog_Filter not found: check if there is a RefParameter without a condition.
2024-01-05 23:43:34,697 [WARN] IP:2114 - I2C_Coeff_DF not found: check if there is a RefParameter without a condition.
2024-01-05 23:43:34,697 [WARN] IP:2114 - Analog_Filter not found: check if there is a RefParameter without a condition.
2024-01-05 23:43:34,703 [WARN] IP:2114 - I2C_Coeff_DF not found: check if there is a RefParameter without a condition.
2024-01-05 23:43:34,703 [WARN] IP:2114 - Analog_Filter not found: check if there is a RefParameter without a condition.
2024-01-05 23:43:34,710 [WARN] IP:2114 - I2C_Coeff_DF not found: check if there is a RefParameter without a condition.
2024-01-05 23:43:34,710 [WARN] IP:2114 - Analog_Filter not found: check if there is a RefParameter without a condition.
2024-01-05 23:43:36,411 [INFO] Gpio:273 - dependency for GPIO [I2C1, RCC, SPI1, SYS, TIM1]
2024-01-05 23:47:16,728 [INFO] Gpio:273 - dependency for GPIO [I2C1, RCC, SPI1, SYS, TIM1]
2024-01-05 23:47:16,765 [WARN] IP:2114 - I2C_Coeff_DF not found: check if there is a RefParameter without a condition.
2024-01-05 23:47:16,765 [WARN] IP:2114 - Analog_Filter not found: check if there is a RefParameter without a condition.
2024-01-05 23:47:16,766 [WARN] IP:2114 - I2C_Coeff_DF not found: check if there is a RefParameter without a condition.
2024-01-05 23:47:16,766 [WARN] IP:2114 - Analog_Filter not found: check if there is a RefParameter without a condition.
2024-01-05 23:47:16,773 [WARN] IP:2114 - I2C_Coeff_DF not found: check if there is a RefParameter without a condition.
2024-01-05 23:47:16,773 [WARN] IP:2114 - Analog_Filter not found: check if there is a RefParameter without a condition.
2024-01-05 23:47:16,779 [WARN] IP:2114 - I2C_Coeff_DF not found: check if there is a RefParameter without a condition.
2024-01-05 23:47:16,779 [WARN] IP:2114 - Analog_Filter not found: check if there is a RefParameter without a condition.
2024-01-05 23:47:16,785 [INFO] Gpio:273 - dependency for GPIO [I2C1, RCC, SPI1, SYS, TIM1]
2024-01-05 23:47:18,764 [INFO] Gpio:273 - dependency for GPIO [I2C1, RCC, SPI1, SYS, TIM1]
2024-01-05 23:47:18,804 [WARN] IP:2114 - I2C_Coeff_DF not found: check if there is a RefParameter without a condition.
2024-01-05 23:47:18,804 [WARN] IP:2114 - Analog_Filter not found: check if there is a RefParameter without a condition.
2024-01-05 23:47:18,804 [WARN] IP:2114 - I2C_Coeff_DF not found: check if there is a RefParameter without a condition.
2024-01-05 23:47:18,804 [WARN] IP:2114 - Analog_Filter not found: check if there is a RefParameter without a condition.
2024-01-05 23:47:18,810 [WARN] IP:2114 - I2C_Coeff_DF not found: check if there is a RefParameter without a condition.
2024-01-05 23:47:18,810 [WARN] IP:2114 - Analog_Filter not found: check if there is a RefParameter without a condition.
2024-01-05 23:47:18,815 [WARN] IP:2114 - I2C_Coeff_DF not found: check if there is a RefParameter without a condition.
2024-01-05 23:47:18,815 [WARN] IP:2114 - Analog_Filter not found: check if there is a RefParameter without a condition.
2024-01-05 23:47:18,825 [INFO] Gpio:273 - dependency for GPIO [I2C1, RCC, SPI1, SYS, TIM1]
2024-01-05 23:47:23,365 [INFO] Gpio:273 - dependency for GPIO [I2C1, RCC, SPI1, SYS, TIM1]
2024-01-05 23:47:23,421 [WARN] IP:2114 - I2C_Coeff_DF not found: check if there is a RefParameter without a condition.
2024-01-05 23:47:23,421 [WARN] IP:2114 - Analog_Filter not found: check if there is a RefParameter without a condition.
2024-01-05 23:47:23,421 [WARN] IP:2114 - I2C_Coeff_DF not found: check if there is a RefParameter without a condition.
2024-01-05 23:47:23,421 [WARN] IP:2114 - Analog_Filter not found: check if there is a RefParameter without a condition.
2024-01-05 23:47:23,429 [WARN] IP:2114 - I2C_Coeff_DF not found: check if there is a RefParameter without a condition.
2024-01-05 23:47:23,429 [WARN] IP:2114 - Analog_Filter not found: check if there is a RefParameter without a condition.
2024-01-05 23:47:23,439 [WARN] IP:2114 - I2C_Coeff_DF not found: check if there is a RefParameter without a condition.
2024-01-05 23:47:23,439 [WARN] IP:2114 - Analog_Filter not found: check if there is a RefParameter without a condition.
2024-01-05 23:47:23,445 [INFO] Gpio:273 - dependency for GPIO [I2C1, RCC, SPI1, SYS, TIM1]
2024-01-05 23:47:31,613 [INFO] Gpio:273 - dependency for GPIO [I2C1, RCC, SPI1, SYS, TIM1]
2024-01-05 23:47:31,652 [WARN] IP:2114 - I2C_Coeff_DF not found: check if there is a RefParameter without a condition.
2024-01-05 23:47:31,652 [WARN] IP:2114 - Analog_Filter not found: check if there is a RefParameter without a condition.
2024-01-05 23:47:31,652 [WARN] IP:2114 - I2C_Coeff_DF not found: check if there is a RefParameter without a condition.
2024-01-05 23:47:31,652 [WARN] IP:2114 - Analog_Filter not found: check if there is a RefParameter without a condition.
2024-01-05 23:47:31,664 [WARN] IP:2114 - I2C_Coeff_DF not found: check if there is a RefParameter without a condition.
2024-01-05 23:47:31,664 [WARN] IP:2114 - Analog_Filter not found: check if there is a RefParameter without a condition.
2024-01-05 23:47:31,671 [WARN] IP:2114 - I2C_Coeff_DF not found: check if there is a RefParameter without a condition.
2024-01-05 23:47:31,671 [WARN] IP:2114 - Analog_Filter not found: check if there is a RefParameter without a condition.
2024-01-05 23:47:31,678 [INFO] Gpio:273 - dependency for GPIO [I2C1, RCC, SPI1, SYS, TIM1]
2024-01-05 23:58:24,591 [INFO] UtilMem:75 - End SaveConfig() Used Memory: 623858472 Bytes (1073741824)
2024-01-05 23:58:25,875 [INFO] UtilMem:75 - End SaveConfig() Used Memory: 638803392 Bytes (1073741824)
2024-01-05 23:58:31,214 [INFO] UtilMem:75 - End SaveConfig() Used Memory: 698321200 Bytes (1073741824)
2024-01-05 23:58:31,408 [INFO] BlockDiagram:2759 - set Specific Code input for plugin: SPI
2024-01-05 23:58:31,409 [INFO] BlockDiagram:2759 - set Specific Code input for plugin: NVIC
2024-01-05 23:58:31,409 [INFO] BlockDiagram:2759 - set Specific Code input for plugin: SYS
2024-01-05 23:58:31,409 [INFO] BlockDiagram:2759 - set Specific Code input for plugin: GPIO
2024-01-05 23:58:31,409 [INFO] BlockDiagram:2759 - set Specific Code input for plugin: RCC
2024-01-05 23:58:31,409 [INFO] BlockDiagram:2759 - set Specific Code input for plugin: I2C
2024-01-05 23:58:31,411 [INFO] CodeGenerator:799 - code generatio: config db path: E:\PIF\STM32CubeIDE_1.13.2\STM32CubeIDE\plugins\com.st.stm32cube.common.mx_6.9.2.202309101412\\db\
2024-01-05 23:58:31,412 [WARN] IP:2114 - I2C_Coeff_DF not found: check if there is a RefParameter without a condition.
2024-01-05 23:58:31,412 [WARN] IP:2114 - Analog_Filter not found: check if there is a RefParameter without a condition.
2024-01-05 23:58:31,556 [INFO] CodeEngine:255 - oldGeneratedFile, E:\PIF\workspace\Final_project\Co_len_nao\MXTmpFiles\license.tmp_save
2024-01-05 23:58:31,697 [INFO] CodeEngine:279 - Generated code: E:\PIF\workspace\Final_project\Co_len_nao\MXTmpFiles\license.tmp
2024-01-05 23:58:31,749 [INFO] CodeEngine:255 - oldGeneratedFile, E:\PIF\workspace\Final_project\Co_len_nao\MXTmpFiles\gpio.tmp_save
2024-01-05 23:58:31,875 [INFO] CodeEngine:279 - Generated code: E:\PIF\workspace\Final_project\Co_len_nao\MXTmpFiles\gpio.tmp
2024-01-05 23:58:31,964 [INFO] CodeEngine:255 - oldGeneratedFile, E:\PIF\workspace\Final_project\Co_len_nao\Core\Src\stm32f1xx_it.c_save
2024-01-05 23:58:32,227 [INFO] CodeEngine:279 - Generated code: E:\PIF\workspace\Final_project\Co_len_nao\Core\Src\stm32f1xx_it.c
2024-01-05 23:58:32,246 [INFO] CodeEngine:255 - oldGeneratedFile, E:\PIF\workspace\Final_project\Co_len_nao\Core\Inc\stm32f1xx_it.h_save
2024-01-05 23:58:32,312 [INFO] CodeEngine:279 - Generated code: E:\PIF\workspace\Final_project\Co_len_nao\Core\Inc\stm32f1xx_it.h
2024-01-05 23:58:32,337 [INFO] CodeEngine:255 - oldGeneratedFile, E:\PIF\workspace\Final_project\Co_len_nao\Core\Src\stm32f1xx_hal_msp.c_save
2024-01-05 23:58:32,466 [INFO] CodeEngine:279 - Generated code: E:\PIF\workspace\Final_project\Co_len_nao\Core\Src\stm32f1xx_hal_msp.c
2024-01-05 23:58:32,470 [INFO] CodeEngine:255 - oldGeneratedFile, E:\PIF\workspace\Final_project\Co_len_nao\MXTmpFiles\system.tmp_save
2024-01-05 23:58:32,539 [INFO] CodeEngine:279 - Generated code: E:\PIF\workspace\Final_project\Co_len_nao\MXTmpFiles\system.tmp
2024-01-05 23:58:32,561 [INFO] CodeEngine:311 - oldGeneratedFile, E:\PIF\workspace\Final_project\Co_len_nao\Core\Inc\stm32f1xx_hal_conf.h_save
2024-01-05 23:58:32,683 [INFO] CodeEngine:335 - Generated code: E:\PIF\workspace\Final_project\Co_len_nao\Core\Inc\stm32f1xx_hal_conf.h
2024-01-05 23:58:32,736 [INFO] CodeEngine:255 - oldGeneratedFile, E:\PIF\workspace\Final_project\Co_len_nao\Core\Inc\main.h_save
2024-01-05 23:58:32,869 [INFO] CodeEngine:279 - Generated code: E:\PIF\workspace\Final_project\Co_len_nao\Core\Inc\main.h
2024-01-05 23:58:32,891 [INFO] CodeEngine:255 - oldGeneratedFile, E:\PIF\workspace\Final_project\Co_len_nao\Core\Src\main.c_save
2024-01-05 23:58:32,992 [INFO] CodeEngine:279 - Generated code: E:\PIF\workspace\Final_project\Co_len_nao\Core\Src\main.c
2024-01-05 23:58:33,348 [INFO] ProjectBuilder:3064 - Time for Copy HAL[1] : 118mS.
2024-01-05 23:58:33,350 [INFO] ProjectBuilder:4404 - Project Generator version: 4.1.0
2024-01-05 23:58:33,436 [INFO] ConfigFileManager:1457 - The Die is : DIE410
2024-01-05 23:58:34,971 [INFO] ProjectBuilder:4626 - Time for Generating toolchain IDE Files: 1621mS.
2024-01-05 23:58:34,972 [INFO] ProjectBuilder:2935 - Time for Copy CMSIS : 0mS.
2024-01-05 23:58:34,972 [INFO] ProjectBuilder:2935 - Time for Copy CMSIS : 0mS.
